<?xml version="1.0" encoding="UTF-8"?>
<coverage generated="1773352619968" clover="3.2.0">
  <project timestamp="1773352619969" name="All files">
    <metrics statements="436" coveredstatements="356" conditionals="377" coveredconditionals="210" methods="116" coveredmethods="99" elements="929" coveredelements="665" complexity="0" loc="436" ncloc="436" packages="10" files="23" classes="23"/>
    <package name="api">
      <metrics statements="133" coveredstatements="94" conditionals="179" coveredconditionals="84" methods="14" coveredmethods="13"/>
      <file name="axiosInstance.ts" path="C:\Users\KofiFrimpongOsei\Desktop\group project\Community-team2\frontend\src\api\axiosInstance.ts">
        <metrics statements="133" coveredstatements="94" conditionals="179" coveredconditionals="84" methods="14" coveredmethods="13"/>
        <line num="8" count="3" type="cond" truecount="1" falsecount="1"/>
        <line num="10" count="3" type="cond" truecount="1" falsecount="1"/>
        <line num="11" count="3" type="cond" truecount="1" falsecount="1"/>
        <line num="12" count="3" type="stmt"/>
        <line num="15" count="3" type="stmt"/>
        <line num="17" count="3" type="stmt"/>
        <line num="24" count="3" type="stmt"/>
        <line num="25" count="1" type="cond" truecount="2" falsecount="2"/>
        <line num="26" count="0" type="stmt"/>
        <line num="29" count="1" type="cond" truecount="1" falsecount="1"/>
        <line num="31" count="1" type="stmt"/>
        <line num="32" count="1" type="cond" truecount="3" falsecount="1"/>
        <line num="33" count="1" type="stmt"/>
        <line num="36" count="1" type="stmt"/>
        <line num="39" count="3" type="stmt"/>
        <line num="50" count="1" type="stmt"/>
        <line num="53" count="1" type="stmt"/>
        <line num="57" count="11" type="stmt"/>
        <line num="61" count="3" type="stmt"/>
        <line num="63" count="3" type="stmt"/>
        <line num="73" count="4" type="cond" truecount="1" falsecount="1"/>
        <line num="74" count="0" type="stmt"/>
        <line num="77" count="4" type="stmt"/>
        <line num="78" count="4" type="stmt"/>
        <line num="86" count="4" type="stmt"/>
        <line num="88" count="4" type="stmt"/>
        <line num="89" count="13" type="stmt"/>
        <line num="91" count="13" type="cond" truecount="2" falsecount="0"/>
        <line num="92" count="1" type="stmt"/>
        <line num="93" count="1" type="cond" truecount="3" falsecount="1"/>
        <line num="94" count="0" type="stmt"/>
        <line num="97" count="1" type="stmt"/>
        <line num="99" count="1" type="cond" truecount="1" falsecount="1"/>
        <line num="107" count="1" type="cond" truecount="1" falsecount="1"/>
        <line num="108" count="0" type="stmt"/>
        <line num="112" count="1" type="cond" truecount="1" falsecount="1"/>
        <line num="118" count="1" type="cond" truecount="1" falsecount="1"/>
        <line num="124" count="12" type="cond" truecount="2" falsecount="2"/>
        <line num="125" count="0" type="stmt"/>
        <line num="128" count="0" type="cond" truecount="0" falsecount="4"/>
        <line num="129" count="0" type="stmt"/>
        <line num="135" count="3" type="stmt"/>
        <line num="139" count="7" type="cond" truecount="1" falsecount="1"/>
        <line num="140" count="0" type="stmt"/>
        <line num="143" count="7" type="cond" truecount="2" falsecount="0"/>
        <line num="144" count="3" type="stmt"/>
        <line num="145" count="3" type="cond" truecount="1" falsecount="1"/>
        <line num="148" count="4" type="cond" truecount="1" falsecount="1"/>
        <line num="149" count="0" type="stmt"/>
        <line num="152" count="4" type="stmt"/>
        <line num="153" count="4" type="stmt"/>
        <line num="154" count="4" type="cond" truecount="2" falsecount="0"/>
        <line num="155" count="1" type="stmt"/>
        <line num="158" count="3" type="stmt"/>
        <line num="168" count="3" type="stmt"/>
        <line num="169" count="4" type="stmt"/>
        <line num="170" count="4" type="cond" truecount="4" falsecount="0"/>
        <line num="171" count="3" type="stmt"/>
        <line num="175" count="0" type="cond" truecount="0" falsecount="2"/>
        <line num="176" count="0" type="stmt"/>
        <line num="179" count="0" type="stmt"/>
        <line num="188" count="7" type="stmt"/>
        <line num="189" count="7" type="stmt"/>
        <line num="191" count="7" type="stmt"/>
        <line num="192" count="7" type="stmt"/>
        <line num="196" count="7" type="cond" truecount="4" falsecount="0"/>
        <line num="201" count="7" type="cond" truecount="2" falsecount="0"/>
        <line num="203" count="7" type="cond" truecount="4" falsecount="0"/>
        <line num="204" count="1" type="cond" truecount="1" falsecount="1"/>
        <line num="209" count="6" type="cond" truecount="4" falsecount="0"/>
        <line num="210" count="1" type="stmt"/>
        <line num="213" count="5" type="cond" truecount="2" falsecount="0"/>
        <line num="214" count="2" type="cond" truecount="2" falsecount="0"/>
        <line num="215" count="1" type="cond" truecount="1" falsecount="1"/>
        <line num="220" count="1" type="cond" truecount="1" falsecount="1"/>
        <line num="221" count="0" type="cond" truecount="0" falsecount="2"/>
        <line num="226" count="1" type="cond" truecount="1" falsecount="1"/>
        <line num="227" count="1" type="stmt"/>
        <line num="231" count="3" type="cond" truecount="4" falsecount="0"/>
        <line num="232" count="1" type="cond" truecount="1" falsecount="1"/>
        <line num="237" count="2" type="cond" truecount="4" falsecount="0"/>
        <line num="238" count="1" type="stmt"/>
        <line num="241" count="1" type="cond" truecount="1" falsecount="1"/>
        <line num="242" count="1" type="cond" truecount="1" falsecount="1"/>
        <line num="243" count="1" type="cond" truecount="1" falsecount="1"/>
        <line num="248" count="0" type="cond" truecount="0" falsecount="2"/>
        <line num="249" count="0" type="cond" truecount="0" falsecount="2"/>
        <line num="255" count="0" type="stmt"/>
        <line num="262" count="1" type="stmt"/>
        <line num="263" count="1" type="stmt"/>
        <line num="265" count="1" type="cond" truecount="2" falsecount="0"/>
        <line num="267" count="1" type="cond" truecount="2" falsecount="0"/>
        <line num="270" count="1" type="cond" truecount="2" falsecount="2"/>
        <line num="275" count="1" type="cond" truecount="1" falsecount="1"/>
        <line num="276" count="1" type="stmt"/>
        <line num="279" count="0" type="cond" truecount="0" falsecount="2"/>
        <line num="280" count="0" type="stmt"/>
        <line num="283" count="0" type="cond" truecount="0" falsecount="2"/>
        <line num="284" count="0" type="stmt"/>
        <line num="287" count="0" type="stmt"/>
        <line num="291" count="8" type="cond" truecount="1" falsecount="1"/>
        <line num="292" count="0" type="cond" truecount="0" falsecount="2"/>
        <line num="297" count="8" type="stmt"/>
        <line num="298" count="8" type="cond" truecount="1" falsecount="1"/>
        <line num="299" count="8" type="cond" truecount="1" falsecount="1"/>
        <line num="301" count="8" type="cond" truecount="2" falsecount="0"/>
        <line num="302" count="1" type="stmt"/>
        <line num="307" count="1" type="cond" truecount="1" falsecount="1"/>
        <line num="308" count="1" type="stmt"/>
        <line num="311" count="0" type="cond" truecount="0" falsecount="2"/>
        <line num="312" count="0" type="stmt"/>
        <line num="315" count="0" type="stmt"/>
        <line num="323" count="7" type="stmt"/>
        <line num="324" count="7" type="stmt"/>
        <line num="325" count="7" type="stmt"/>
        <line num="332" count="7" type="cond" truecount="1" falsecount="1"/>
        <line num="333" count="7" type="stmt"/>
        <line num="336" count="0" type="cond" truecount="0" falsecount="8"/>
        <line num="338" count="0" type="cond" truecount="0" falsecount="2"/>
        <line num="340" count="0" type="stmt"/>
        <line num="345" count="0" type="stmt"/>
        <line num="349" count="0" type="cond" truecount="0" falsecount="2"/>
        <line num="351" count="0" type="stmt"/>
        <line num="356" count="0" type="cond" truecount="0" falsecount="2"/>
        <line num="358" count="0" type="stmt"/>
        <line num="362" count="0" type="cond" truecount="0" falsecount="2"/>
        <line num="366" count="3" type="stmt"/>
        <line num="367" count="1" type="stmt"/>
        <line num="369" count="0" type="cond" truecount="0" falsecount="2"/>
        <line num="370" count="0" type="stmt"/>
        <line num="372" count="0" type="cond" truecount="0" falsecount="2"/>
        <line num="377" count="0" type="stmt"/>
        <line num="380" count="0" type="stmt"/>
      </file>
    </package>
    <package name="assets.images">
      <metrics statements="9" coveredstatements="9" conditionals="0" coveredconditionals="0" methods="9" coveredmethods="9"/>
      <file name="Logo.svg" path="C:\Users\KofiFrimpongOsei\Desktop\group project\Community-team2\frontend\src\assets\images\Logo.svg">
        <metrics statements="1" coveredstatements="1" conditionals="0" coveredconditionals="0" methods="1" coveredmethods="1"/>
        <line num="2" count="74" type="stmt"/>
      </file>
      <file name="clock-small.svg" path="C:\Users\KofiFrimpongOsei\Desktop\group project\Community-team2\frontend\src\assets\images\clock-small.svg">
        <metrics statements="1" coveredstatements="1" conditionals="0" coveredconditionals="0" methods="1" coveredmethods="1"/>
        <line num="2" count="8" type="stmt"/>
      </file>
      <file name="comments-stat.svg" path="C:\Users\KofiFrimpongOsei\Desktop\group project\Community-team2\frontend\src\assets\images\comments-stat.svg">
        <metrics statements="1" coveredstatements="1" conditionals="0" coveredconditionals="0" methods="1" coveredmethods="1"/>
        <line num="2" count="8" type="stmt"/>
      </file>
      <file name="eye-off.svg" path="C:\Users\KofiFrimpongOsei\Desktop\group project\Community-team2\frontend\src\assets\images\eye-off.svg">
        <metrics statements="1" coveredstatements="1" conditionals="0" coveredconditionals="0" methods="1" coveredmethods="1"/>
        <line num="2" count="82" type="stmt"/>
      </file>
      <file name="eye-on.svg" path="C:\Users\KofiFrimpongOsei\Desktop\group project\Community-team2\frontend\src\assets\images\eye-on.svg">
        <metrics statements="1" coveredstatements="1" conditionals="0" coveredconditionals="0" methods="1" coveredmethods="1"/>
        <line num="2" count="33" type="stmt"/>
      </file>
      <file name="image-indicator.svg" path="C:\Users\KofiFrimpongOsei\Desktop\group project\Community-team2\frontend\src\assets\images\image-indicator.svg">
        <metrics statements="1" coveredstatements="1" conditionals="0" coveredconditionals="0" methods="1" coveredmethods="1"/>
        <line num="2" count="1" type="stmt"/>
      </file>
      <file name="lock.svg" path="C:\Users\KofiFrimpongOsei\Desktop\group project\Community-team2\frontend\src\assets\images\lock.svg">
        <metrics statements="1" coveredstatements="1" conditionals="0" coveredconditionals="0" methods="1" coveredmethods="1"/>
        <line num="2" count="115" type="stmt"/>
      </file>
      <file name="mail.svg" path="C:\Users\KofiFrimpongOsei\Desktop\group project\Community-team2\frontend\src\assets\images\mail.svg">
        <metrics statements="1" coveredstatements="1" conditionals="0" coveredconditionals="0" methods="1" coveredmethods="1"/>
        <line num="2" count="74" type="stmt"/>
      </file>
      <file name="user.svg" path="C:\Users\KofiFrimpongOsei\Desktop\group project\Community-team2\frontend\src\assets\images\user.svg">
        <metrics statements="1" coveredstatements="1" conditionals="0" coveredconditionals="0" methods="1" coveredmethods="1"/>
        <line num="2" count="41" type="stmt"/>
      </file>
    </package>
    <package name="components.atoms">
      <metrics statements="11" coveredstatements="11" conditionals="12" coveredconditionals="11" methods="3" coveredmethods="3"/>
      <file name="Badge.tsx" path="C:\Users\KofiFrimpongOsei\Desktop\group project\Community-team2\frontend\src\components\atoms\Badge.tsx">
        <metrics statements="4" coveredstatements="4" conditionals="2" coveredconditionals="1" methods="1" coveredmethods="1"/>
        <line num="3" count="1" type="stmt"/>
        <line num="11" count="1" type="stmt"/>
        <line num="12" count="8" type="cond" truecount="1" falsecount="1"/>
        <line num="13" count="8" type="stmt"/>
      </file>
      <file name="Button.tsx" path="C:\Users\KofiFrimpongOsei\Desktop\group project\Community-team2\frontend\src\components\atoms\Button.tsx">
        <metrics statements="4" coveredstatements="4" conditionals="7" coveredconditionals="7" methods="1" coveredmethods="1"/>
        <line num="14" count="1" type="stmt"/>
        <line num="15" count="1" type="stmt"/>
        <line num="20" count="1" type="stmt"/>
        <line num="30" count="6" type="stmt"/>
      </file>
      <file name="Text.tsx" path="C:\Users\KofiFrimpongOsei\Desktop\group project\Community-team2\frontend\src\components\atoms\Text.tsx">
        <metrics statements="3" coveredstatements="3" conditionals="3" coveredconditionals="3" methods="1" coveredmethods="1"/>
        <line num="27" count="2" type="stmt"/>
        <line num="52" count="116" type="cond" truecount="2" falsecount="0"/>
        <line num="54" count="116" type="stmt"/>
      </file>
    </package>
    <package name="components.molecules">
      <metrics statements="5" coveredstatements="2" conditionals="8" coveredconditionals="3" methods="2" coveredmethods="1"/>
      <file name="PostCard.tsx" path="C:\Users\KofiFrimpongOsei\Desktop\group project\Community-team2\frontend\src\components\molecules\PostCard.tsx">
        <metrics statements="5" coveredstatements="2" conditionals="8" coveredconditionals="3" methods="2" coveredmethods="1"/>
        <line num="14" count="1" type="stmt"/>
        <line num="18" count="8" type="stmt"/>
        <line num="27" count="0" type="cond" truecount="0" falsecount="4"/>
        <line num="28" count="0" type="stmt"/>
        <line num="29" count="0" type="stmt"/>
      </file>
    </package>
    <package name="features.auth">
      <metrics statements="42" coveredstatements="32" conditionals="14" coveredconditionals="9" methods="14" coveredmethods="11"/>
      <file name="authSession.ts" path="C:\Users\KofiFrimpongOsei\Desktop\group project\Community-team2\frontend\src\features\auth\authSession.ts">
        <metrics statements="22" coveredstatements="17" conditionals="12" coveredconditionals="8" methods="8" coveredmethods="6"/>
        <line num="13" count="4" type="stmt"/>
        <line num="22" count="2" type="stmt"/>
        <line num="30" count="4" type="cond" truecount="1" falsecount="1"/>
        <line num="31" count="0" type="stmt"/>
        <line num="34" count="4" type="stmt"/>
        <line num="35" count="4" type="stmt"/>
        <line num="36" count="4" type="cond" truecount="2" falsecount="0"/>
        <line num="37" count="3" type="stmt"/>
        <line num="40" count="1" type="stmt"/>
        <line num="41" count="1" type="stmt"/>
        <line num="43" count="0" type="stmt"/>
        <line num="47" count="4" type="stmt"/>
        <line num="50" count="2" type="stmt"/>
        <line num="54" count="1" type="stmt"/>
        <line num="58" count="0" type="stmt"/>
        <line num="64" count="1" type="stmt"/>
        <line num="65" count="1" type="stmt"/>
        <line num="69" count="0" type="stmt"/>
        <line num="70" count="0" type="stmt"/>
        <line num="74" count="7" type="stmt"/>
        <line num="76" count="7" type="cond" truecount="1" falsecount="1"/>
        <line num="77" count="7" type="stmt"/>
      </file>
      <file name="authStore.ts" path="C:\Users\KofiFrimpongOsei\Desktop\group project\Community-team2\frontend\src\features\auth\authStore.ts">
        <metrics statements="20" coveredstatements="15" conditionals="2" coveredconditionals="1" methods="6" coveredmethods="5"/>
        <line num="22" count="1" type="stmt"/>
        <line num="28" count="1" type="stmt"/>
        <line num="30" count="1" type="stmt"/>
        <line num="34" count="2" type="stmt"/>
        <line num="35" count="1" type="stmt"/>
        <line num="36" count="1" type="stmt"/>
        <line num="37" count="1" type="stmt"/>
        <line num="41" count="0" type="stmt"/>
        <line num="46" count="0" type="stmt"/>
        <line num="47" count="0" type="stmt"/>
        <line num="48" count="0" type="stmt"/>
        <line num="52" count="1" type="stmt"/>
        <line num="53" count="1" type="stmt"/>
        <line num="57" count="1" type="stmt"/>
        <line num="59" count="1" type="cond" truecount="1" falsecount="1"/>
        <line num="60" count="1" type="stmt"/>
        <line num="61" count="1" type="stmt"/>
        <line num="62" count="1" type="stmt"/>
        <line num="65" count="0" type="stmt"/>
        <line num="70" count="10" type="stmt"/>
      </file>
    </package>
    <package name="features.posts">
      <metrics statements="47" coveredstatements="46" conditionals="16" coveredconditionals="10" methods="18" coveredmethods="18"/>
      <file name="postsStore.ts" path="C:\Users\KofiFrimpongOsei\Desktop\group project\Community-team2\frontend\src\features\posts\postsStore.ts">
        <metrics statements="47" coveredstatements="46" conditionals="16" coveredconditionals="10" methods="18" coveredmethods="18"/>
        <line num="5" count="1" type="stmt"/>
        <line num="6" count="1" type="stmt"/>
        <line num="9" count="7" type="stmt"/>
        <line num="16" count="1" type="stmt"/>
        <line num="17" count="1" type="stmt"/>
        <line num="42" count="1" type="stmt"/>
        <line num="50" count="4" type="stmt"/>
        <line num="51" count="4" type="stmt"/>
        <line num="52" count="4" type="stmt"/>
        <line num="54" count="4" type="cond" truecount="2" falsecount="0"/>
        <line num="55" count="1" type="stmt"/>
        <line num="58" count="3" type="stmt"/>
        <line num="60" count="3" type="stmt"/>
        <line num="61" count="3" type="stmt"/>
        <line num="62" count="3" type="stmt"/>
        <line num="64" count="3" type="cond" truecount="1" falsecount="1"/>
        <line num="65" count="3" type="stmt"/>
        <line num="68" count="3" type="stmt"/>
        <line num="70" count="3" type="cond" truecount="1" falsecount="1"/>
        <line num="71" count="3" type="stmt"/>
        <line num="76" count="3" type="stmt"/>
        <line num="78" count="3" type="stmt"/>
        <line num="82" count="3" type="stmt"/>
        <line num="84" count="3" type="cond" truecount="2" falsecount="0"/>
        <line num="85" count="1" type="stmt"/>
        <line num="88" count="2" type="stmt"/>
        <line num="90" count="2" type="stmt"/>
        <line num="91" count="2" type="stmt"/>
        <line num="92" count="2" type="stmt"/>
        <line num="93" count="2" type="stmt"/>
        <line num="95" count="2" type="stmt"/>
        <line num="97" count="2" type="cond" truecount="1" falsecount="1"/>
        <line num="98" count="2" type="stmt"/>
        <line num="103" count="2" type="stmt"/>
        <line num="105" count="2" type="stmt"/>
        <line num="109" count="1" type="stmt"/>
        <line num="110" count="1" type="stmt"/>
        <line num="112" count="1" type="stmt"/>
        <line num="116" count="1" type="stmt"/>
        <line num="117" count="1" type="stmt"/>
        <line num="118" count="1" type="cond" truecount="1" falsecount="1"/>
        <line num="124" count="1" type="stmt"/>
        <line num="125" count="1" type="stmt"/>
        <line num="129" count="1" type="stmt"/>
        <line num="130" count="1" type="cond" truecount="1" falsecount="1"/>
        <line num="131" count="0" type="stmt"/>
        <line num="134" count="1" type="stmt"/>
      </file>
    </package>
    <package name="features.subscriptions">
      <metrics statements="12" coveredstatements="11" conditionals="8" coveredconditionals="5" methods="5" coveredmethods="5"/>
      <file name="notificationService.ts" path="C:\Users\KofiFrimpongOsei\Desktop\group project\Community-team2\frontend\src\features\subscriptions\notificationService.ts">
        <metrics statements="12" coveredstatements="11" conditionals="8" coveredconditionals="5" methods="5" coveredmethods="5"/>
        <line num="13" count="2" type="stmt"/>
        <line num="14" count="2" type="stmt"/>
        <line num="22" count="2" type="cond" truecount="4" falsecount="0"/>
        <line num="23" count="1" type="stmt"/>
        <line num="26" count="1" type="stmt"/>
        <line num="27" count="1" type="stmt"/>
        <line num="28" count="2" type="stmt"/>
        <line num="31" count="1" type="stmt"/>
        <line num="32" count="2" type="stmt"/>
        <line num="35" count="1" type="cond" truecount="1" falsecount="1"/>
        <line num="36" count="0" type="stmt"/>
        <line num="46" count="1" type="stmt"/>
      </file>
    </package>
    <package name="hooks">
      <metrics statements="5" coveredstatements="5" conditionals="1" coveredconditionals="1" methods="4" coveredmethods="4"/>
      <file name="useDebounce.ts" path="C:\Users\KofiFrimpongOsei\Desktop\group project\Community-team2\frontend\src\hooks\useDebounce.ts">
        <metrics statements="5" coveredstatements="5" conditionals="1" coveredconditionals="1" methods="4" coveredmethods="4"/>
        <line num="4" count="9" type="stmt"/>
        <line num="5" count="9" type="stmt"/>
        <line num="6" count="7" type="stmt"/>
        <line num="7" count="7" type="stmt"/>
        <line num="9" count="9" type="stmt"/>
      </file>
    </package>
    <package name="pages">
      <metrics statements="115" coveredstatements="96" conditionals="98" coveredconditionals="52" methods="30" coveredmethods="22"/>
      <file name="LoginPage.tsx" path="C:\Users\KofiFrimpongOsei\Desktop\group project\Community-team2\frontend\src\pages\LoginPage.tsx">
        <metrics statements="49" coveredstatements="41" conditionals="40" coveredconditionals="22" methods="11" coveredmethods="7"/>
        <line num="13" count="1" type="stmt"/>
        <line num="16" count="33" type="stmt"/>
        <line num="17" count="33" type="stmt"/>
        <line num="18" count="33" type="stmt"/>
        <line num="20" count="33" type="stmt"/>
        <line num="21" count="33" type="stmt"/>
        <line num="22" count="33" type="stmt"/>
        <line num="23" count="33" type="stmt"/>
        <line num="24" count="33" type="stmt"/>
        <line num="25" count="33" type="stmt"/>
        <line num="27" count="33" type="stmt"/>
        <line num="28" count="33" type="stmt"/>
        <line num="30" count="33" type="stmt"/>
        <line num="31" count="1" type="stmt"/>
        <line num="32" count="1" type="stmt"/>
        <line num="33" count="1" type="cond" truecount="2" falsecount="2"/>
        <line num="34" count="0" type="stmt"/>
        <line num="35" count="1" type="cond" truecount="1" falsecount="1"/>
        <line num="36" count="1" type="stmt"/>
        <line num="39" count="33" type="stmt"/>
        <line num="40" count="1" type="stmt"/>
        <line num="41" count="1" type="cond" truecount="1" falsecount="1"/>
        <line num="42" count="0" type="stmt"/>
        <line num="43" count="0" type="stmt"/>
        <line num="44" count="0" type="stmt"/>
        <line num="46" count="1" type="stmt"/>
        <line num="47" count="1" type="stmt"/>
        <line num="48" count="1" type="stmt"/>
        <line num="49" count="1" type="stmt"/>
        <line num="50" count="1" type="stmt"/>
        <line num="51" count="1" type="stmt"/>
        <line num="52" count="0" type="stmt"/>
        <line num="53" count="0" type="stmt"/>
        <line num="55" count="1" type="stmt"/>
        <line num="59" count="1" type="stmt"/>
        <line num="63" count="33" type="stmt"/>
        <line num="65" count="30" type="cond" truecount="1" falsecount="1"/>
        <line num="70" count="33" type="stmt"/>
        <line num="72" count="33" type="stmt"/>
        <line num="73" count="33" type="stmt"/>
        <line num="75" count="33" type="stmt"/>
        <line num="123" count="16" type="stmt"/>
        <line num="124" count="16" type="stmt"/>
        <line num="125" count="16" type="cond" truecount="1" falsecount="1"/>
        <line num="126" count="0" type="stmt"/>
        <line num="172" count="14" type="stmt"/>
        <line num="173" count="14" type="stmt"/>
        <line num="174" count="14" type="cond" truecount="1" falsecount="1"/>
        <line num="175" count="0" type="stmt"/>
      </file>
      <file name="RegisterPage.tsx" path="C:\Users\KofiFrimpongOsei\Desktop\group project\Community-team2\frontend\src\pages\RegisterPage.tsx">
        <metrics statements="66" coveredstatements="55" conditionals="58" coveredconditionals="30" methods="19" coveredmethods="15"/>
        <line num="14" count="1" type="stmt"/>
        <line num="19" count="1" type="stmt"/>
        <line num="27" count="1" type="stmt"/>
        <line num="29" count="1" type="cond" truecount="1" falsecount="1"/>
        <line num="30" count="0" type="stmt"/>
        <line num="33" count="1" type="cond" truecount="1" falsecount="1"/>
        <line num="34" count="0" type="stmt"/>
        <line num="37" count="1" type="stmt"/>
        <line num="41" count="41" type="stmt"/>
        <line num="42" count="41" type="stmt"/>
        <line num="43" count="41" type="stmt"/>
        <line num="45" count="41" type="stmt"/>
        <line num="46" count="41" type="stmt"/>
        <line num="47" count="41" type="stmt"/>
        <line num="48" count="41" type="stmt"/>
        <line num="49" count="41" type="stmt"/>
        <line num="50" count="41" type="stmt"/>
        <line num="52" count="41" type="stmt"/>
        <line num="53" count="41" type="stmt"/>
        <line num="55" count="41" type="stmt"/>
        <line num="56" count="37" type="stmt"/>
        <line num="57" count="37" type="stmt"/>
        <line num="58" count="37" type="stmt"/>
        <line num="64" count="41" type="stmt"/>
        <line num="65" count="1" type="stmt"/>
        <line num="66" count="1" type="stmt"/>
        <line num="67" count="1" type="stmt"/>
        <line num="68" count="1" type="cond" truecount="1" falsecount="1"/>
        <line num="69" count="1" type="cond" truecount="2" falsecount="2"/>
        <line num="70" count="0" type="stmt"/>
        <line num="71" count="1" type="cond" truecount="2" falsecount="2"/>
        <line num="73" count="0" type="stmt"/>
        <line num="74" count="1" type="cond" truecount="2" falsecount="2"/>
        <line num="76" count="0" type="stmt"/>
        <line num="77" count="1" type="stmt"/>
        <line num="80" count="41" type="stmt"/>
        <line num="81" count="1" type="stmt"/>
        <line num="82" count="1" type="cond" truecount="1" falsecount="1"/>
        <line num="83" count="0" type="stmt"/>
        <line num="84" count="0" type="stmt"/>
        <line num="85" count="0" type="stmt"/>
        <line num="88" count="1" type="stmt"/>
        <line num="89" count="1" type="stmt"/>
        <line num="90" count="1" type="stmt"/>
        <line num="91" count="1" type="stmt"/>
        <line num="92" count="1" type="stmt"/>
        <line num="93" count="1" type="stmt"/>
        <line num="94" count="1" type="stmt"/>
        <line num="95" count="1" type="stmt"/>
        <line num="97" count="0" type="stmt"/>
        <line num="101" count="1" type="stmt"/>
        <line num="105" count="41" type="stmt"/>
        <line num="107" count="37" type="cond" truecount="1" falsecount="1"/>
        <line num="112" count="41" type="stmt"/>
        <line num="113" count="82" type="stmt"/>
        <line num="119" count="41" type="stmt"/>
        <line num="120" count="82" type="stmt"/>
        <line num="126" count="41" type="stmt"/>
        <line num="127" count="41" type="stmt"/>
        <line num="129" count="41" type="stmt"/>
        <line num="172" count="9" type="stmt"/>
        <line num="209" count="16" type="stmt"/>
        <line num="248" count="6" type="stmt"/>
        <line num="255" count="0" type="stmt"/>
        <line num="290" count="6" type="stmt"/>
        <line num="297" count="0" type="stmt"/>
      </file>
    </package>
    <package name="utils">
      <metrics statements="57" coveredstatements="50" conditionals="41" coveredconditionals="35" methods="17" coveredmethods="13"/>
      <file name="TEST_IDS.ts" path="C:\Users\KofiFrimpongOsei\Desktop\group project\Community-team2\frontend\src\utils\TEST_IDS.ts">
        <metrics statements="11" coveredstatements="7" conditionals="0" coveredconditionals="0" methods="10" coveredmethods="6"/>
        <line num="11" count="2" type="stmt"/>
        <line num="51" count="1" type="stmt"/>
        <line num="124" count="1" type="stmt"/>
        <line num="129" count="3" type="stmt"/>
        <line num="138" count="1" type="stmt"/>
        <line num="152" count="0" type="stmt"/>
        <line num="185" count="1" type="stmt"/>
        <line num="213" count="0" type="stmt"/>
        <line num="215" count="0" type="stmt"/>
        <line num="229" count="0" type="stmt"/>
        <line num="244" count="1" type="stmt"/>
      </file>
      <file name="index.ts" path="C:\Users\KofiFrimpongOsei\Desktop\group project\Community-team2\frontend\src\utils\index.ts">
        <metrics statements="46" coveredstatements="43" conditionals="41" coveredconditionals="35" methods="7" coveredmethods="7"/>
        <line num="2" count="12" type="stmt"/>
        <line num="3" count="12" type="cond" truecount="2" falsecount="0"/>
        <line num="4" count="11" type="cond" truecount="2" falsecount="0"/>
        <line num="5" count="2" type="cond" truecount="2" falsecount="0"/>
        <line num="6" count="2" type="cond" truecount="1" falsecount="1"/>
        <line num="7" count="1" type="cond" truecount="1" falsecount="1"/>
        <line num="11" count="4" type="stmt"/>
        <line num="14" count="4" type="stmt"/>
        <line num="25" count="5" type="cond" truecount="2" falsecount="0"/>
        <line num="26" count="3" type="stmt"/>
        <line num="27" count="3" type="cond" truecount="2" falsecount="0"/>
        <line num="30" count="2" type="cond" truecount="2" falsecount="0"/>
        <line num="31" count="1" type="stmt"/>
        <line num="32" count="1" type="cond" truecount="1" falsecount="1"/>
        <line num="35" count="1" type="stmt"/>
        <line num="38" count="5" type="stmt"/>
        <line num="39" count="5" type="stmt"/>
        <line num="41" count="5" type="stmt"/>
        <line num="43" count="5" type="stmt"/>
        <line num="45" count="5" type="stmt"/>
        <line num="48" count="7" type="stmt"/>
        <line num="50" count="7" type="cond" truecount="1" falsecount="1"/>
        <line num="51" count="0" type="stmt"/>
        <line num="54" count="7" type="cond" truecount="2" falsecount="0"/>
        <line num="55" count="1" type="stmt"/>
        <line num="58" count="6" type="cond" truecount="1" falsecount="1"/>
        <line num="59" count="0" type="stmt"/>
        <line num="62" count="6" type="cond" truecount="2" falsecount="0"/>
        <line num="63" count="1" type="stmt"/>
        <line num="66" count="5" type="cond" truecount="2" falsecount="0"/>
        <line num="67" count="2" type="stmt"/>
        <line num="70" count="3" type="cond" truecount="2" falsecount="0"/>
        <line num="71" count="1" type="stmt"/>
        <line num="74" count="2" type="stmt"/>
        <line num="95" count="7" type="stmt"/>
        <line num="96" count="7" type="stmt"/>
        <line num="97" count="7" type="cond" truecount="2" falsecount="0"/>
        <line num="99" count="4" type="stmt"/>
        <line num="100" count="4" type="stmt"/>
        <line num="103" count="4" type="stmt"/>
        <line num="105" count="0" type="stmt"/>
        <line num="114" count="5" type="cond" truecount="2" falsecount="0"/>
        <line num="115" count="4" type="stmt"/>
        <line num="116" count="4" type="cond" truecount="2" falsecount="0"/>
        <line num="117" count="3" type="cond" truecount="1" falsecount="1"/>
        <line num="118" count="3" type="stmt"/>
      </file>
    </package>
  </project>
</coverage>
