{"C:\\Users\\KofiFrimpongOsei\\Desktop\\group project\\Community-team2\\frontend\\src\\api\\axiosInstance.ts": {"path":"C:\\Users\\KofiFrimpongOsei\\Desktop\\group project\\Community-team2\\frontend\\src\\api\\axiosInstance.ts","statementMap":{"0":{"start":{"line":8,"column":8},"end":{"line":8,"column":null}},"1":{"start":{"line":10,"column":2},"end":{"line":10,"column":null}},"2":{"start":{"line":10,"column":32},"end":{"line":10,"column":null}},"3":{"start":{"line":11,"column":2},"end":{"line":11,"column":null}},"4":{"start":{"line":11,"column":29},"end":{"line":11,"column":null}},"5":{"start":{"line":12,"column":2},"end":{"line":12,"column":null}},"6":{"start":{"line":15,"column":28},"end":{"line":15,"column":null}},"7":{"start":{"line":17,"column":22},"end":{"line":22,"column":null}},"8":{"start":{"line":24,"column":0},"end":{"line":37,"column":null}},"9":{"start":{"line":25,"column":2},"end":{"line":27,"column":null}},"10":{"start":{"line":26,"column":4},"end":{"line":26,"column":null}},"11":{"start":{"line":29,"column":2},"end":{"line":29,"column":null}},"12":{"start":{"line":31,"column":8},"end":{"line":31,"column":null}},"13":{"start":{"line":32,"column":2},"end":{"line":34,"column":null}},"14":{"start":{"line":33,"column":4},"end":{"line":33,"column":null}},"15":{"start":{"line":36,"column":2},"end":{"line":36,"column":null}},"16":{"start":{"line":39,"column":25},"end":{"line":47,"column":null}},"17":{"start":{"line":50,"column":2},"end":{"line":53,"column":null}},"18":{"start":{"line":53,"column":29},"end":{"line":53,"column":47}},"19":{"start":{"line":57,"column":2},"end":{"line":57,"column":null}},"20":{"start":{"line":61,"column":21},"end":{"line":61,"column":null}},"21":{"start":{"line":63,"column":2},"end":{"line":68,"column":null}},"22":{"start":{"line":73,"column":2},"end":{"line":75,"column":null}},"23":{"start":{"line":74,"column":4},"end":{"line":74,"column":null}},"24":{"start":{"line":77,"column":21},"end":{"line":77,"column":null}},"25":{"start":{"line":78,"column":2},"end":{"line":81,"column":null}},"26":{"start":{"line":86,"column":21},"end":{"line":86,"column":null}},"27":{"start":{"line":88,"column":2},"end":{"line":133,"column":null}},"28":{"start":{"line":89,"column":18},"end":{"line":89,"column":null}},"29":{"start":{"line":91,"column":4},"end":{"line":122,"column":null}},"30":{"start":{"line":92,"column":6},"end":{"line":121,"column":null}},"31":{"start":{"line":93,"column":8},"end":{"line":95,"column":null}},"32":{"start":{"line":94,"column":10},"end":{"line":94,"column":null}},"33":{"start":{"line":97,"column":26},"end":{"line":97,"column":null}},"34":{"start":{"line":99,"column":10},"end":{"line":105,"column":null}},"35":{"start":{"line":107,"column":8},"end":{"line":109,"column":null}},"36":{"start":{"line":108,"column":10},"end":{"line":108,"column":null}},"37":{"start":{"line":112,"column":10},"end":{"line":116,"column":null}},"38":{"start":{"line":118,"column":8},"end":{"line":120,"column":null}},"39":{"start":{"line":124,"column":4},"end":{"line":132,"column":null}},"40":{"start":{"line":125,"column":6},"end":{"line":131,"column":null}},"41":{"start":{"line":128,"column":8},"end":{"line":130,"column":null}},"42":{"start":{"line":129,"column":10},"end":{"line":129,"column":null}},"43":{"start":{"line":135,"column":2},"end":{"line":135,"column":null}},"44":{"start":{"line":139,"column":2},"end":{"line":141,"column":null}},"45":{"start":{"line":140,"column":4},"end":{"line":140,"column":null}},"46":{"start":{"line":143,"column":2},"end":{"line":146,"column":null}},"47":{"start":{"line":144,"column":20},"end":{"line":144,"column":null}},"48":{"start":{"line":145,"column":4},"end":{"line":145,"column":null}},"49":{"start":{"line":148,"column":2},"end":{"line":150,"column":null}},"50":{"start":{"line":149,"column":4},"end":{"line":149,"column":null}},"51":{"start":{"line":152,"column":20},"end":{"line":152,"column":null}},"52":{"start":{"line":153,"column":23},"end":{"line":153,"column":null}},"53":{"start":{"line":154,"column":2},"end":{"line":156,"column":null}},"54":{"start":{"line":155,"column":4},"end":{"line":155,"column":null}},"55":{"start":{"line":158,"column":24},"end":{"line":166,"column":null}},"56":{"start":{"line":168,"column":2},"end":{"line":173,"column":null}},"57":{"start":{"line":169,"column":18},"end":{"line":169,"column":null}},"58":{"start":{"line":170,"column":4},"end":{"line":172,"column":null}},"59":{"start":{"line":171,"column":6},"end":{"line":171,"column":null}},"60":{"start":{"line":175,"column":2},"end":{"line":177,"column":null}},"61":{"start":{"line":176,"column":4},"end":{"line":176,"column":null}},"62":{"start":{"line":179,"column":2},"end":{"line":179,"column":null}},"63":{"start":{"line":188,"column":24},"end":{"line":188,"column":null}},"64":{"start":{"line":189,"column":27},"end":{"line":189,"column":null}},"65":{"start":{"line":191,"column":25},"end":{"line":191,"column":null}},"66":{"start":{"line":192,"column":34},"end":{"line":194,"column":null}},"67":{"start":{"line":196,"column":4},"end":{"line":199,"column":null}},"68":{"start":{"line":201,"column":4},"end":{"line":201,"column":null}},"69":{"start":{"line":203,"column":2},"end":{"line":207,"column":null}},"70":{"start":{"line":204,"column":4},"end":{"line":206,"column":null}},"71":{"start":{"line":209,"column":2},"end":{"line":211,"column":null}},"72":{"start":{"line":210,"column":4},"end":{"line":210,"column":null}},"73":{"start":{"line":213,"column":2},"end":{"line":229,"column":null}},"74":{"start":{"line":214,"column":4},"end":{"line":218,"column":null}},"75":{"start":{"line":215,"column":6},"end":{"line":217,"column":null}},"76":{"start":{"line":220,"column":4},"end":{"line":224,"column":null}},"77":{"start":{"line":221,"column":6},"end":{"line":223,"column":null}},"78":{"start":{"line":226,"column":4},"end":{"line":228,"column":null}},"79":{"start":{"line":227,"column":6},"end":{"line":227,"column":null}},"80":{"start":{"line":231,"column":2},"end":{"line":235,"column":null}},"81":{"start":{"line":232,"column":4},"end":{"line":234,"column":null}},"82":{"start":{"line":237,"column":2},"end":{"line":239,"column":null}},"83":{"start":{"line":238,"column":4},"end":{"line":238,"column":null}},"84":{"start":{"line":241,"column":2},"end":{"line":253,"column":null}},"85":{"start":{"line":242,"column":4},"end":{"line":246,"column":null}},"86":{"start":{"line":243,"column":6},"end":{"line":245,"column":null}},"87":{"start":{"line":248,"column":4},"end":{"line":252,"column":null}},"88":{"start":{"line":249,"column":6},"end":{"line":251,"column":null}},"89":{"start":{"line":255,"column":2},"end":{"line":255,"column":null}},"90":{"start":{"line":262,"column":24},"end":{"line":262,"column":null}},"91":{"start":{"line":263,"column":27},"end":{"line":263,"column":null}},"92":{"start":{"line":265,"column":4},"end":{"line":265,"column":null}},"93":{"start":{"line":267,"column":4},"end":{"line":268,"column":null}},"94":{"start":{"line":270,"column":4},"end":{"line":273,"column":null}},"95":{"start":{"line":275,"column":2},"end":{"line":277,"column":null}},"96":{"start":{"line":276,"column":4},"end":{"line":276,"column":null}},"97":{"start":{"line":279,"column":2},"end":{"line":281,"column":null}},"98":{"start":{"line":280,"column":4},"end":{"line":280,"column":null}},"99":{"start":{"line":283,"column":2},"end":{"line":285,"column":null}},"100":{"start":{"line":284,"column":4},"end":{"line":284,"column":null}},"101":{"start":{"line":287,"column":2},"end":{"line":287,"column":null}},"102":{"start":{"line":291,"column":2},"end":{"line":295,"column":null}},"103":{"start":{"line":292,"column":4},"end":{"line":294,"column":null}},"104":{"start":{"line":297,"column":19},"end":{"line":297,"column":null}},"105":{"start":{"line":298,"column":21},"end":{"line":298,"column":null}},"106":{"start":{"line":299,"column":24},"end":{"line":299,"column":null}},"107":{"start":{"line":301,"column":2},"end":{"line":321,"column":null}},"108":{"start":{"line":302,"column":31},"end":{"line":305,"column":null}},"109":{"start":{"line":307,"column":4},"end":{"line":309,"column":null}},"110":{"start":{"line":308,"column":6},"end":{"line":308,"column":null}},"111":{"start":{"line":311,"column":4},"end":{"line":313,"column":null}},"112":{"start":{"line":312,"column":6},"end":{"line":312,"column":null}},"113":{"start":{"line":315,"column":4},"end":{"line":316,"column":null}},"114":{"start":{"line":323,"column":17},"end":{"line":323,"column":null}},"115":{"start":{"line":324,"column":24},"end":{"line":324,"column":null}},"116":{"start":{"line":325,"column":30},"end":{"line":330,"column":null}},"117":{"start":{"line":332,"column":2},"end":{"line":334,"column":null}},"118":{"start":{"line":333,"column":4},"end":{"line":333,"column":null}},"119":{"start":{"line":336,"column":2},"end":{"line":363,"column":null}},"120":{"start":{"line":338,"column":6},"end":{"line":338,"column":null}},"121":{"start":{"line":340,"column":6},"end":{"line":342,"column":null}},"122":{"start":{"line":345,"column":6},"end":{"line":346,"column":null}},"123":{"start":{"line":349,"column":6},"end":{"line":349,"column":null}},"124":{"start":{"line":351,"column":6},"end":{"line":353,"column":null}},"125":{"start":{"line":356,"column":6},"end":{"line":356,"column":null}},"126":{"start":{"line":358,"column":6},"end":{"line":359,"column":null}},"127":{"start":{"line":362,"column":6},"end":{"line":362,"column":null}},"128":{"start":{"line":366,"column":0},"end":{"line":382,"column":null}},"129":{"start":{"line":367,"column":16},"end":{"line":367,"column":null}},"130":{"start":{"line":369,"column":4},"end":{"line":379,"column":null}},"131":{"start":{"line":370,"column":6},"end":{"line":370,"column":null}},"132":{"start":{"line":372,"column":6},"end":{"line":378,"column":null}},"133":{"start":{"line":377,"column":8},"end":{"line":377,"column":null}},"134":{"start":{"line":380,"column":4},"end":{"line":380,"column":null}}},"fnMap":{"0":{"name":"normalizeApiBaseUrl","decl":{"start":{"line":7,"column":9},"end":{"line":7,"column":29}},"loc":{"start":{"line":7,"column":58},"end":{"line":13,"column":null}},"line":7},"1":{"name":"(anonymous_1)","decl":{"start":{"line":24,"column":39},"end":{"line":24,"column":40}},"loc":{"start":{"line":24,"column":51},"end":{"line":37,"column":1}},"line":24},"2":{"name":"humanizeFieldName","decl":{"start":{"line":49,"column":9},"end":{"line":49,"column":27}},"loc":{"start":{"line":49,"column":50},"end":{"line":54,"column":null}},"line":49},"3":{"name":"(anonymous_3)","decl":{"start":{"line":53,"column":19},"end":{"line":53,"column":20}},"loc":{"start":{"line":53,"column":29},"end":{"line":53,"column":47}},"line":53},"4":{"name":"normalizeMessage","decl":{"start":{"line":56,"column":9},"end":{"line":56,"column":26}},"loc":{"start":{"line":56,"column":51},"end":{"line":58,"column":null}},"line":56},"5":{"name":"isHtmlErrorDocument","decl":{"start":{"line":60,"column":9},"end":{"line":60,"column":29}},"loc":{"start":{"line":60,"column":55},"end":{"line":70,"column":null}},"line":60},"6":{"name":"isGenericMessage","decl":{"start":{"line":72,"column":9},"end":{"line":72,"column":26}},"loc":{"start":{"line":72,"column":71},"end":{"line":83,"column":null}},"line":72},"7":{"name":"extractFieldMessage","decl":{"start":{"line":85,"column":9},"end":{"line":85,"column":29}},"loc":{"start":{"line":85,"column":75},"end":{"line":136,"column":null}},"line":85},"8":{"name":"extractPrimaryServerMessage","decl":{"start":{"line":138,"column":9},"end":{"line":138,"column":37}},"loc":{"start":{"line":138,"column":67},"end":{"line":180,"column":null}},"line":138},"9":{"name":"classifyAuthRequestError","decl":{"start":{"line":182,"column":9},"end":{"line":182,"column":null}},"loc":{"start":{"line":187,"column":17},"end":{"line":256,"column":null}},"line":187},"10":{"name":"classifyAuthNetworkError","decl":{"start":{"line":258,"column":9},"end":{"line":258,"column":null}},"loc":{"start":{"line":261,"column":17},"end":{"line":288,"column":null}},"line":261},"11":{"name":"classifyAxiosError","decl":{"start":{"line":290,"column":16},"end":{"line":290,"column":35}},"loc":{"start":{"line":290,"column":59},"end":{"line":364,"column":null}},"line":290},"12":{"name":"(anonymous_12)","decl":{"start":{"line":367,"column":2},"end":{"line":367,"column":3}},"loc":{"start":{"line":367,"column":16},"end":{"line":367,"column":null}},"line":367},"13":{"name":"(anonymous_13)","decl":{"start":{"line":368,"column":2},"end":{"line":368,"column":3}},"loc":{"start":{"line":368,"column":25},"end":{"line":381,"column":null}},"line":368}},"branchMap":{"0":{"loc":{"start":{"line":8,"column":16},"end":{"line":8,"column":38}},"type":"binary-expr","locations":[{"start":{"line":8,"column":16},"end":{"line":8,"column":30}},{"start":{"line":8,"column":30},"end":{"line":8,"column":38}}],"line":8},"1":{"loc":{"start":{"line":10,"column":2},"end":{"line":10,"column":null}},"type":"if","locations":[{"start":{"line":10,"column":2},"end":{"line":10,"column":null}},{"start":{},"end":{}}],"line":10},"2":{"loc":{"start":{"line":11,"column":2},"end":{"line":11,"column":null}},"type":"if","locations":[{"start":{"line":11,"column":2},"end":{"line":11,"column":null}},{"start":{},"end":{}}],"line":11},"3":{"loc":{"start":{"line":25,"column":2},"end":{"line":27,"column":null}},"type":"if","locations":[{"start":{"line":25,"column":2},"end":{"line":27,"column":null}},{"start":{},"end":{}}],"line":25},"4":{"loc":{"start":{"line":25,"column":6},"end":{"line":25,"column":57}},"type":"binary-expr","locations":[{"start":{"line":25,"column":6},"end":{"line":25,"column":41}},{"start":{"line":25,"column":41},"end":{"line":25,"column":57}}],"line":25},"5":{"loc":{"start":{"line":29,"column":19},"end":{"line":29,"column":null}},"type":"binary-expr","locations":[{"start":{"line":29,"column":19},"end":{"line":29,"column":37}},{"start":{"line":29,"column":37},"end":{"line":29,"column":null}}],"line":29},"6":{"loc":{"start":{"line":32,"column":2},"end":{"line":34,"column":null}},"type":"if","locations":[{"start":{"line":32,"column":2},"end":{"line":34,"column":null}},{"start":{},"end":{}}],"line":32},"7":{"loc":{"start":{"line":32,"column":6},"end":{"line":32,"column":46}},"type":"binary-expr","locations":[{"start":{"line":32,"column":6},"end":{"line":32,"column":15}},{"start":{"line":32,"column":15},"end":{"line":32,"column":46}}],"line":32},"8":{"loc":{"start":{"line":64,"column":4},"end":{"line":68,"column":null}},"type":"binary-expr","locations":[{"start":{"line":64,"column":4},"end":{"line":64,"column":null}},{"start":{"line":65,"column":4},"end":{"line":65,"column":null}},{"start":{"line":66,"column":4},"end":{"line":66,"column":null}},{"start":{"line":67,"column":4},"end":{"line":67,"column":null}},{"start":{"line":68,"column":4},"end":{"line":68,"column":null}}],"line":64},"9":{"loc":{"start":{"line":73,"column":2},"end":{"line":75,"column":null}},"type":"if","locations":[{"start":{"line":73,"column":2},"end":{"line":75,"column":null}},{"start":{},"end":{}}],"line":73},"10":{"loc":{"start":{"line":79,"column":4},"end":{"line":81,"column":null}},"type":"binary-expr","locations":[{"start":{"line":79,"column":4},"end":{"line":79,"column":null}},{"start":{"line":80,"column":4},"end":{"line":80,"column":null}},{"start":{"line":81,"column":4},"end":{"line":81,"column":null}}],"line":79},"11":{"loc":{"start":{"line":91,"column":4},"end":{"line":122,"column":null}},"type":"if","locations":[{"start":{"line":91,"column":4},"end":{"line":122,"column":null}},{"start":{},"end":{}}],"line":91},"12":{"loc":{"start":{"line":93,"column":8},"end":{"line":95,"column":null}},"type":"if","locations":[{"start":{"line":93,"column":8},"end":{"line":95,"column":null}},{"start":{},"end":{}}],"line":93},"13":{"loc":{"start":{"line":93,"column":12},"end":{"line":93,"column":47}},"type":"binary-expr","locations":[{"start":{"line":93,"column":12},"end":{"line":93,"column":21}},{"start":{"line":93,"column":21},"end":{"line":93,"column":47}}],"line":93},"14":{"loc":{"start":{"line":99,"column":10},"end":{"line":105,"column":null}},"type":"cond-expr","locations":[{"start":{"line":100,"column":14},"end":{"line":100,"column":null}},{"start":{"line":101,"column":14},"end":{"line":105,"column":null}}],"line":99},"15":{"loc":{"start":{"line":101,"column":14},"end":{"line":105,"column":null}},"type":"cond-expr","locations":[{"start":{"line":102,"column":16},"end":{"line":102,"column":null}},{"start":{"line":103,"column":16},"end":{"line":105,"column":null}}],"line":101},"16":{"loc":{"start":{"line":103,"column":16},"end":{"line":105,"column":null}},"type":"cond-expr","locations":[{"start":{"line":104,"column":18},"end":{"line":104,"column":null}},{"start":{"line":105,"column":18},"end":{"line":105,"column":null}}],"line":103},"17":{"loc":{"start":{"line":107,"column":8},"end":{"line":109,"column":null}},"type":"if","locations":[{"start":{"line":107,"column":8},"end":{"line":109,"column":null}},{"start":{},"end":{}}],"line":107},"18":{"loc":{"start":{"line":112,"column":10},"end":{"line":116,"column":null}},"type":"cond-expr","locations":[{"start":{"line":113,"column":14},"end":{"line":113,"column":null}},{"start":{"line":114,"column":14},"end":{"line":116,"column":null}}],"line":112},"19":{"loc":{"start":{"line":114,"column":14},"end":{"line":116,"column":null}},"type":"cond-expr","locations":[{"start":{"line":115,"column":16},"end":{"line":115,"column":null}},{"start":{"line":116,"column":16},"end":{"line":116,"column":null}}],"line":114},"20":{"loc":{"start":{"line":118,"column":15},"end":{"line":120,"column":null}},"type":"cond-expr","locations":[{"start":{"line":119,"column":12},"end":{"line":119,"column":null}},{"start":{"line":120,"column":12},"end":{"line":120,"column":null}}],"line":118},"21":{"loc":{"start":{"line":124,"column":4},"end":{"line":132,"column":null}},"type":"if","locations":[{"start":{"line":124,"column":4},"end":{"line":132,"column":null}},{"start":{},"end":{}}],"line":124},"22":{"loc":{"start":{"line":124,"column":8},"end":{"line":124,"column":44}},"type":"binary-expr","locations":[{"start":{"line":124,"column":8},"end":{"line":124,"column":17}},{"start":{"line":124,"column":17},"end":{"line":124,"column":44}}],"line":124},"23":{"loc":{"start":{"line":128,"column":8},"end":{"line":130,"column":null}},"type":"if","locations":[{"start":{"line":128,"column":8},"end":{"line":130,"column":null}},{"start":{},"end":{}}],"line":128},"24":{"loc":{"start":{"line":128,"column":12},"end":{"line":128,"column":69}},"type":"binary-expr","locations":[{"start":{"line":128,"column":12},"end":{"line":128,"column":48}},{"start":{"line":128,"column":48},"end":{"line":128,"column":69}}],"line":128},"25":{"loc":{"start":{"line":139,"column":2},"end":{"line":141,"column":null}},"type":"if","locations":[{"start":{"line":139,"column":2},"end":{"line":141,"column":null}},{"start":{},"end":{}}],"line":139},"26":{"loc":{"start":{"line":143,"column":2},"end":{"line":146,"column":null}},"type":"if","locations":[{"start":{"line":143,"column":2},"end":{"line":146,"column":null}},{"start":{},"end":{}}],"line":143},"27":{"loc":{"start":{"line":145,"column":11},"end":{"line":145,"column":null}},"type":"cond-expr","locations":[{"start":{"line":145,"column":42},"end":{"line":145,"column":49}},{"start":{"line":145,"column":49},"end":{"line":145,"column":null}}],"line":145},"28":{"loc":{"start":{"line":148,"column":2},"end":{"line":150,"column":null}},"type":"if","locations":[{"start":{"line":148,"column":2},"end":{"line":150,"column":null}},{"start":{},"end":{}}],"line":148},"29":{"loc":{"start":{"line":154,"column":2},"end":{"line":156,"column":null}},"type":"if","locations":[{"start":{"line":154,"column":2},"end":{"line":156,"column":null}},{"start":{},"end":{}}],"line":154},"30":{"loc":{"start":{"line":170,"column":4},"end":{"line":172,"column":null}},"type":"if","locations":[{"start":{"line":170,"column":4},"end":{"line":172,"column":null}},{"start":{},"end":{}}],"line":170},"31":{"loc":{"start":{"line":170,"column":8},"end":{"line":170,"column":51}},"type":"binary-expr","locations":[{"start":{"line":170,"column":8},"end":{"line":170,"column":37}},{"start":{"line":170,"column":37},"end":{"line":170,"column":51}}],"line":170},"32":{"loc":{"start":{"line":175,"column":2},"end":{"line":177,"column":null}},"type":"if","locations":[{"start":{"line":175,"column":2},"end":{"line":177,"column":null}},{"start":{},"end":{}}],"line":175},"33":{"loc":{"start":{"line":196,"column":4},"end":{"line":199,"column":null}},"type":"binary-expr","locations":[{"start":{"line":196,"column":4},"end":{"line":196,"column":null}},{"start":{"line":197,"column":4},"end":{"line":197,"column":null}},{"start":{"line":198,"column":4},"end":{"line":198,"column":null}},{"start":{"line":199,"column":4},"end":{"line":199,"column":null}}],"line":196},"34":{"loc":{"start":{"line":201,"column":4},"end":{"line":201,"column":null}},"type":"binary-expr","locations":[{"start":{"line":201,"column":4},"end":{"line":201,"column":34}},{"start":{"line":201,"column":34},"end":{"line":201,"column":null}}],"line":201},"35":{"loc":{"start":{"line":203,"column":2},"end":{"line":207,"column":null}},"type":"if","locations":[{"start":{"line":203,"column":2},"end":{"line":207,"column":null}},{"start":{},"end":{}}],"line":203},"36":{"loc":{"start":{"line":203,"column":6},"end":{"line":203,"column":58}},"type":"binary-expr","locations":[{"start":{"line":203,"column":6},"end":{"line":203,"column":24}},{"start":{"line":203,"column":24},"end":{"line":203,"column":58}}],"line":203},"37":{"loc":{"start":{"line":204,"column":11},"end":{"line":206,"column":null}},"type":"cond-expr","locations":[{"start":{"line":205,"column":8},"end":{"line":205,"column":null}},{"start":{"line":206,"column":9},"end":{"line":206,"column":null}}],"line":204},"38":{"loc":{"start":{"line":209,"column":2},"end":{"line":211,"column":null}},"type":"if","locations":[{"start":{"line":209,"column":2},"end":{"line":211,"column":null}},{"start":{},"end":{}}],"line":209},"39":{"loc":{"start":{"line":209,"column":6},"end":{"line":209,"column":63}},"type":"binary-expr","locations":[{"start":{"line":209,"column":6},"end":{"line":209,"column":24}},{"start":{"line":209,"column":24},"end":{"line":209,"column":63}}],"line":209},"40":{"loc":{"start":{"line":213,"column":2},"end":{"line":229,"column":null}},"type":"if","locations":[{"start":{"line":213,"column":2},"end":{"line":229,"column":null}},{"start":{},"end":{}}],"line":213},"41":{"loc":{"start":{"line":214,"column":4},"end":{"line":218,"column":null}},"type":"if","locations":[{"start":{"line":214,"column":4},"end":{"line":218,"column":null}},{"start":{},"end":{}}],"line":214},"42":{"loc":{"start":{"line":215,"column":13},"end":{"line":217,"column":null}},"type":"cond-expr","locations":[{"start":{"line":216,"column":10},"end":{"line":216,"column":null}},{"start":{"line":217,"column":11},"end":{"line":217,"column":null}}],"line":215},"43":{"loc":{"start":{"line":220,"column":4},"end":{"line":224,"column":null}},"type":"if","locations":[{"start":{"line":220,"column":4},"end":{"line":224,"column":null}},{"start":{},"end":{}}],"line":220},"44":{"loc":{"start":{"line":221,"column":13},"end":{"line":223,"column":null}},"type":"cond-expr","locations":[{"start":{"line":222,"column":10},"end":{"line":222,"column":null}},{"start":{"line":223,"column":11},"end":{"line":223,"column":null}}],"line":221},"45":{"loc":{"start":{"line":226,"column":4},"end":{"line":228,"column":null}},"type":"if","locations":[{"start":{"line":226,"column":4},"end":{"line":228,"column":null}},{"start":{},"end":{}}],"line":226},"46":{"loc":{"start":{"line":231,"column":2},"end":{"line":235,"column":null}},"type":"if","locations":[{"start":{"line":231,"column":2},"end":{"line":235,"column":null}},{"start":{},"end":{}}],"line":231},"47":{"loc":{"start":{"line":231,"column":6},"end":{"line":231,"column":67}},"type":"binary-expr","locations":[{"start":{"line":231,"column":6},"end":{"line":231,"column":33}},{"start":{"line":231,"column":33},"end":{"line":231,"column":67}}],"line":231},"48":{"loc":{"start":{"line":232,"column":11},"end":{"line":234,"column":null}},"type":"cond-expr","locations":[{"start":{"line":233,"column":8},"end":{"line":233,"column":null}},{"start":{"line":234,"column":9},"end":{"line":234,"column":null}}],"line":232},"49":{"loc":{"start":{"line":237,"column":2},"end":{"line":239,"column":null}},"type":"if","locations":[{"start":{"line":237,"column":2},"end":{"line":239,"column":null}},{"start":{},"end":{}}],"line":237},"50":{"loc":{"start":{"line":237,"column":6},"end":{"line":237,"column":67}},"type":"binary-expr","locations":[{"start":{"line":237,"column":6},"end":{"line":237,"column":33}},{"start":{"line":237,"column":33},"end":{"line":237,"column":67}}],"line":237},"51":{"loc":{"start":{"line":241,"column":2},"end":{"line":253,"column":null}},"type":"if","locations":[{"start":{"line":241,"column":2},"end":{"line":253,"column":null}},{"start":{},"end":{}}],"line":241},"52":{"loc":{"start":{"line":242,"column":4},"end":{"line":246,"column":null}},"type":"if","locations":[{"start":{"line":242,"column":4},"end":{"line":246,"column":null}},{"start":{},"end":{}}],"line":242},"53":{"loc":{"start":{"line":243,"column":13},"end":{"line":245,"column":null}},"type":"cond-expr","locations":[{"start":{"line":244,"column":10},"end":{"line":244,"column":null}},{"start":{"line":245,"column":11},"end":{"line":245,"column":null}}],"line":243},"54":{"loc":{"start":{"line":248,"column":4},"end":{"line":252,"column":null}},"type":"if","locations":[{"start":{"line":248,"column":4},"end":{"line":252,"column":null}},{"start":{},"end":{}}],"line":248},"55":{"loc":{"start":{"line":249,"column":13},"end":{"line":251,"column":null}},"type":"cond-expr","locations":[{"start":{"line":250,"column":10},"end":{"line":250,"column":null}},{"start":{"line":251,"column":11},"end":{"line":251,"column":null}}],"line":249},"56":{"loc":{"start":{"line":265,"column":4},"end":{"line":265,"column":null}},"type":"binary-expr","locations":[{"start":{"line":265,"column":4},"end":{"line":265,"column":35}},{"start":{"line":265,"column":35},"end":{"line":265,"column":null}}],"line":265},"57":{"loc":{"start":{"line":267,"column":4},"end":{"line":268,"column":null}},"type":"binary-expr","locations":[{"start":{"line":267,"column":4},"end":{"line":267,"column":null}},{"start":{"line":268,"column":4},"end":{"line":268,"column":null}}],"line":267},"58":{"loc":{"start":{"line":270,"column":4},"end":{"line":273,"column":null}},"type":"binary-expr","locations":[{"start":{"line":270,"column":4},"end":{"line":270,"column":null}},{"start":{"line":271,"column":4},"end":{"line":271,"column":null}},{"start":{"line":272,"column":4},"end":{"line":272,"column":null}},{"start":{"line":273,"column":4},"end":{"line":273,"column":null}}],"line":270},"59":{"loc":{"start":{"line":275,"column":2},"end":{"line":277,"column":null}},"type":"if","locations":[{"start":{"line":275,"column":2},"end":{"line":277,"column":null}},{"start":{},"end":{}}],"line":275},"60":{"loc":{"start":{"line":279,"column":2},"end":{"line":281,"column":null}},"type":"if","locations":[{"start":{"line":279,"column":2},"end":{"line":281,"column":null}},{"start":{},"end":{}}],"line":279},"61":{"loc":{"start":{"line":283,"column":2},"end":{"line":285,"column":null}},"type":"if","locations":[{"start":{"line":283,"column":2},"end":{"line":285,"column":null}},{"start":{},"end":{}}],"line":283},"62":{"loc":{"start":{"line":291,"column":2},"end":{"line":295,"column":null}},"type":"if","locations":[{"start":{"line":291,"column":2},"end":{"line":295,"column":null}},{"start":{},"end":{}}],"line":291},"63":{"loc":{"start":{"line":292,"column":11},"end":{"line":294,"column":null}},"type":"cond-expr","locations":[{"start":{"line":293,"column":8},"end":{"line":293,"column":null}},{"start":{"line":294,"column":8},"end":{"line":294,"column":null}}],"line":292},"64":{"loc":{"start":{"line":298,"column":21},"end":{"line":298,"column":null}},"type":"binary-expr","locations":[{"start":{"line":298,"column":21},"end":{"line":298,"column":45}},{"start":{"line":298,"column":45},"end":{"line":298,"column":null}}],"line":298},"65":{"loc":{"start":{"line":299,"column":24},"end":{"line":299,"column":null}},"type":"binary-expr","locations":[{"start":{"line":299,"column":24},"end":{"line":299,"column":51}},{"start":{"line":299,"column":51},"end":{"line":299,"column":null}}],"line":299},"66":{"loc":{"start":{"line":301,"column":2},"end":{"line":321,"column":null}},"type":"if","locations":[{"start":{"line":301,"column":2},"end":{"line":321,"column":null}},{"start":{},"end":{}}],"line":301},"67":{"loc":{"start":{"line":307,"column":4},"end":{"line":309,"column":null}},"type":"if","locations":[{"start":{"line":307,"column":4},"end":{"line":309,"column":null}},{"start":{},"end":{}}],"line":307},"68":{"loc":{"start":{"line":311,"column":4},"end":{"line":313,"column":null}},"type":"if","locations":[{"start":{"line":311,"column":4},"end":{"line":313,"column":null}},{"start":{},"end":{}}],"line":311},"69":{"loc":{"start":{"line":332,"column":2},"end":{"line":334,"column":null}},"type":"if","locations":[{"start":{"line":332,"column":2},"end":{"line":334,"column":null}},{"start":{},"end":{}}],"line":332},"70":{"loc":{"start":{"line":336,"column":2},"end":{"line":363,"column":null}},"type":"switch","locations":[{"start":{"line":337,"column":4},"end":{"line":338,"column":null}},{"start":{"line":339,"column":4},"end":{"line":342,"column":null}},{"start":{"line":344,"column":4},"end":{"line":346,"column":null}},{"start":{"line":348,"column":4},"end":{"line":349,"column":null}},{"start":{"line":350,"column":4},"end":{"line":353,"column":null}},{"start":{"line":355,"column":4},"end":{"line":356,"column":null}},{"start":{"line":357,"column":4},"end":{"line":359,"column":null}},{"start":{"line":361,"column":4},"end":{"line":362,"column":null}}],"line":336},"71":{"loc":{"start":{"line":338,"column":13},"end":{"line":338,"column":null}},"type":"binary-expr","locations":[{"start":{"line":338,"column":13},"end":{"line":338,"column":30}},{"start":{"line":338,"column":30},"end":{"line":338,"column":null}}],"line":338},"72":{"loc":{"start":{"line":341,"column":8},"end":{"line":342,"column":null}},"type":"binary-expr","locations":[{"start":{"line":341,"column":8},"end":{"line":341,"column":null}},{"start":{"line":342,"column":8},"end":{"line":342,"column":null}}],"line":341},"73":{"loc":{"start":{"line":346,"column":8},"end":{"line":346,"column":null}},"type":"binary-expr","locations":[{"start":{"line":346,"column":8},"end":{"line":346,"column":25}},{"start":{"line":346,"column":25},"end":{"line":346,"column":null}}],"line":346},"74":{"loc":{"start":{"line":349,"column":13},"end":{"line":349,"column":null}},"type":"binary-expr","locations":[{"start":{"line":349,"column":13},"end":{"line":349,"column":30}},{"start":{"line":349,"column":30},"end":{"line":349,"column":null}}],"line":349},"75":{"loc":{"start":{"line":352,"column":8},"end":{"line":353,"column":null}},"type":"binary-expr","locations":[{"start":{"line":352,"column":8},"end":{"line":352,"column":null}},{"start":{"line":353,"column":8},"end":{"line":353,"column":null}}],"line":352},"76":{"loc":{"start":{"line":356,"column":13},"end":{"line":356,"column":null}},"type":"binary-expr","locations":[{"start":{"line":356,"column":13},"end":{"line":356,"column":30}},{"start":{"line":356,"column":30},"end":{"line":356,"column":null}}],"line":356},"77":{"loc":{"start":{"line":359,"column":8},"end":{"line":359,"column":null}},"type":"binary-expr","locations":[{"start":{"line":359,"column":8},"end":{"line":359,"column":25}},{"start":{"line":359,"column":25},"end":{"line":359,"column":null}}],"line":359},"78":{"loc":{"start":{"line":362,"column":13},"end":{"line":362,"column":null}},"type":"binary-expr","locations":[{"start":{"line":362,"column":13},"end":{"line":362,"column":30}},{"start":{"line":362,"column":30},"end":{"line":362,"column":null}}],"line":362},"79":{"loc":{"start":{"line":369,"column":4},"end":{"line":379,"column":null}},"type":"if","locations":[{"start":{"line":369,"column":4},"end":{"line":379,"column":null}},{"start":{},"end":{}}],"line":369},"80":{"loc":{"start":{"line":372,"column":6},"end":{"line":378,"column":null}},"type":"if","locations":[{"start":{"line":372,"column":6},"end":{"line":378,"column":null}},{"start":{},"end":{}}],"line":372},"81":{"loc":{"start":{"line":373,"column":8},"end":{"line":375,"column":null}},"type":"binary-expr","locations":[{"start":{"line":373,"column":8},"end":{"line":373,"column":null}},{"start":{"line":374,"column":8},"end":{"line":374,"column":null}},{"start":{"line":375,"column":8},"end":{"line":375,"column":null}}],"line":373}},"s":{"0":3,"1":3,"2":0,"3":3,"4":0,"5":3,"6":3,"7":3,"8":3,"9":1,"10":0,"11":1,"12":1,"13":1,"14":1,"15":1,"16":3,"17":1,"18":1,"19":11,"20":3,"21":3,"22":4,"23":0,"24":4,"25":4,"26":4,"27":4,"28":13,"29":13,"30":1,"31":1,"32":0,"33":1,"34":1,"35":1,"36":0,"37":1,"38":1,"39":12,"40":0,"41":0,"42":0,"43":3,"44":7,"45":0,"46":7,"47":3,"48":3,"49":4,"50":0,"51":4,"52":4,"53":4,"54":1,"55":3,"56":3,"57":4,"58":4,"59":3,"60":0,"61":0,"62":0,"63":7,"64":7,"65":7,"66":7,"67":7,"68":7,"69":7,"70":1,"71":6,"72":1,"73":5,"74":2,"75":1,"76":1,"77":0,"78":1,"79":1,"80":3,"81":1,"82":2,"83":1,"84":1,"85":1,"86":1,"87":0,"88":0,"89":0,"90":1,"91":1,"92":1,"93":1,"94":1,"95":1,"96":1,"97":0,"98":0,"99":0,"100":0,"101":0,"102":8,"103":0,"104":8,"105":8,"106":8,"107":8,"108":1,"109":1,"110":1,"111":0,"112":0,"113":0,"114":7,"115":7,"116":7,"117":7,"118":7,"119":0,"120":0,"121":0,"122":0,"123":0,"124":0,"125":0,"126":0,"127":0,"128":3,"129":1,"130":0,"131":0,"132":0,"133":0,"134":0},"f":{"0":3,"1":1,"2":1,"3":1,"4":11,"5":3,"6":4,"7":4,"8":7,"9":7,"10":1,"11":8,"12":1,"13":0},"b":{"0":[3,0],"1":[0,3],"2":[0,3],"3":[0,1],"4":[1,0],"5":[1,0],"6":[1,0],"7":[1,1],"8":[3,0,0,0,0],"9":[0,4],"10":[4,1,1],"11":[1,12],"12":[0,1],"13":[1,1],"14":[1,0],"15":[0,0],"16":[0,0],"17":[0,1],"18":[1,0],"19":[0,0],"20":[1,0],"21":[0,12],"22":[12,0],"23":[0,0],"24":[0,0],"25":[0,7],"26":[3,4],"27":[3,0],"28":[0,4],"29":[1,3],"30":[3,1],"31":[4,3],"32":[0,0],"33":[7,6,2,2],"34":[7,1],"35":[1,6],"36":[7,2],"37":[1,0],"38":[1,5],"39":[6,1],"40":[2,3],"41":[1,1],"42":[1,0],"43":[0,1],"44":[0,0],"45":[1,0],"46":[1,2],"47":[3,2],"48":[0,1],"49":[1,1],"50":[2,1],"51":[1,0],"52":[1,0],"53":[1,0],"54":[0,0],"55":[0,0],"56":[1,1],"57":[1,1],"58":[1,1,0,0],"59":[1,0],"60":[0,0],"61":[0,0],"62":[0,8],"63":[0,0],"64":[8,0],"65":[8,0],"66":[1,7],"67":[1,0],"68":[0,0],"69":[7,0],"70":[0,0,0,0,0,0,0,0],"71":[0,0],"72":[0,0],"73":[0,0],"74":[0,0],"75":[0,0],"76":[0,0],"77":[0,0],"78":[0,0],"79":[0,0],"80":[0,0],"81":[0,0,0]},"meta":{"lastBranch":82,"lastFunction":14,"lastStatement":135,"seen":{"f:7:9:7:29":0,"s:8:8:8:Infinity":0,"b:8:16:8:30:8:30:8:38":0,"b:10:2:10:Infinity:undefined:undefined:undefined:undefined":1,"s:10:2:10:Infinity":1,"s:10:32:10:Infinity":2,"b:11:2:11:Infinity:undefined:undefined:undefined:undefined":2,"s:11:2:11:Infinity":3,"s:11:29:11:Infinity":4,"s:12:2:12:Infinity":5,"s:15:28:15:Infinity":6,"s:17:22:22:Infinity":7,"s:24:0:37:Infinity":8,"f:24:39:24:40":1,"b:25:2:27:Infinity:undefined:undefined:undefined:undefined":3,"s:25:2:27:Infinity":9,"b:25:6:25:41:25:41:25:57":4,"s:26:4:26:Infinity":10,"s:29:2:29:Infinity":11,"b:29:19:29:37:29:37:29:Infinity":5,"s:31:8:31:Infinity":12,"b:32:2:34:Infinity:undefined:undefined:undefined:undefined":6,"s:32:2:34:Infinity":13,"b:32:6:32:15:32:15:32:46":7,"s:33:4:33:Infinity":14,"s:36:2:36:Infinity":15,"s:39:25:47:Infinity":16,"f:49:9:49:27":2,"s:50:2:53:Infinity":17,"f:53:19:53:20":3,"s:53:29:53:47":18,"f:56:9:56:26":4,"s:57:2:57:Infinity":19,"f:60:9:60:29":5,"s:61:21:61:Infinity":20,"s:63:2:68:Infinity":21,"b:64:4:64:Infinity:65:4:65:Infinity:66:4:66:Infinity:67:4:67:Infinity:68:4:68:Infinity":8,"f:72:9:72:26":6,"b:73:2:75:Infinity:undefined:undefined:undefined:undefined":9,"s:73:2:75:Infinity":22,"s:74:4:74:Infinity":23,"s:77:21:77:Infinity":24,"s:78:2:81:Infinity":25,"b:79:4:79:Infinity:80:4:80:Infinity:81:4:81:Infinity":10,"f:85:9:85:29":7,"s:86:21:86:Infinity":26,"s:88:2:133:Infinity":27,"s:89:18:89:Infinity":28,"b:91:4:122:Infinity:undefined:undefined:undefined:undefined":11,"s:91:4:122:Infinity":29,"s:92:6:121:Infinity":30,"b:93:8:95:Infinity:undefined:undefined:undefined:undefined":12,"s:93:8:95:Infinity":31,"b:93:12:93:21:93:21:93:47":13,"s:94:10:94:Infinity":32,"s:97:26:97:Infinity":33,"s:99:10:105:Infinity":34,"b:100:14:100:Infinity:101:14:105:Infinity":14,"b:102:16:102:Infinity:103:16:105:Infinity":15,"b:104:18:104:Infinity:105:18:105:Infinity":16,"b:107:8:109:Infinity:undefined:undefined:undefined:undefined":17,"s:107:8:109:Infinity":35,"s:108:10:108:Infinity":36,"s:112:10:116:Infinity":37,"b:113:14:113:Infinity:114:14:116:Infinity":18,"b:115:16:115:Infinity:116:16:116:Infinity":19,"s:118:8:120:Infinity":38,"b:119:12:119:Infinity:120:12:120:Infinity":20,"b:124:4:132:Infinity:undefined:undefined:undefined:undefined":21,"s:124:4:132:Infinity":39,"b:124:8:124:17:124:17:124:44":22,"s:125:6:131:Infinity":40,"b:128:8:130:Infinity:undefined:undefined:undefined:undefined":23,"s:128:8:130:Infinity":41,"b:128:12:128:48:128:48:128:69":24,"s:129:10:129:Infinity":42,"s:135:2:135:Infinity":43,"f:138:9:138:37":8,"b:139:2:141:Infinity:undefined:undefined:undefined:undefined":25,"s:139:2:141:Infinity":44,"s:140:4:140:Infinity":45,"b:143:2:146:Infinity:undefined:undefined:undefined:undefined":26,"s:143:2:146:Infinity":46,"s:144:20:144:Infinity":47,"s:145:4:145:Infinity":48,"b:145:42:145:49:145:49:145:Infinity":27,"b:148:2:150:Infinity:undefined:undefined:undefined:undefined":28,"s:148:2:150:Infinity":49,"s:149:4:149:Infinity":50,"s:152:20:152:Infinity":51,"s:153:23:153:Infinity":52,"b:154:2:156:Infinity:undefined:undefined:undefined:undefined":29,"s:154:2:156:Infinity":53,"s:155:4:155:Infinity":54,"s:158:24:166:Infinity":55,"s:168:2:173:Infinity":56,"s:169:18:169:Infinity":57,"b:170:4:172:Infinity:undefined:undefined:undefined:undefined":30,"s:170:4:172:Infinity":58,"b:170:8:170:37:170:37:170:51":31,"s:171:6:171:Infinity":59,"b:175:2:177:Infinity:undefined:undefined:undefined:undefined":32,"s:175:2:177:Infinity":60,"s:176:4:176:Infinity":61,"s:179:2:179:Infinity":62,"f:182:9:182:Infinity":9,"s:188:24:188:Infinity":63,"s:189:27:189:Infinity":64,"s:191:25:191:Infinity":65,"s:192:34:194:Infinity":66,"s:196:4:199:Infinity":67,"b:196:4:196:Infinity:197:4:197:Infinity:198:4:198:Infinity:199:4:199:Infinity":33,"s:201:4:201:Infinity":68,"b:201:4:201:34:201:34:201:Infinity":34,"b:203:2:207:Infinity:undefined:undefined:undefined:undefined":35,"s:203:2:207:Infinity":69,"b:203:6:203:24:203:24:203:58":36,"s:204:4:206:Infinity":70,"b:205:8:205:Infinity:206:9:206:Infinity":37,"b:209:2:211:Infinity:undefined:undefined:undefined:undefined":38,"s:209:2:211:Infinity":71,"b:209:6:209:24:209:24:209:63":39,"s:210:4:210:Infinity":72,"b:213:2:229:Infinity:undefined:undefined:undefined:undefined":40,"s:213:2:229:Infinity":73,"b:214:4:218:Infinity:undefined:undefined:undefined:undefined":41,"s:214:4:218:Infinity":74,"s:215:6:217:Infinity":75,"b:216:10:216:Infinity:217:11:217:Infinity":42,"b:220:4:224:Infinity:undefined:undefined:undefined:undefined":43,"s:220:4:224:Infinity":76,"s:221:6:223:Infinity":77,"b:222:10:222:Infinity:223:11:223:Infinity":44,"b:226:4:228:Infinity:undefined:undefined:undefined:undefined":45,"s:226:4:228:Infinity":78,"s:227:6:227:Infinity":79,"b:231:2:235:Infinity:undefined:undefined:undefined:undefined":46,"s:231:2:235:Infinity":80,"b:231:6:231:33:231:33:231:67":47,"s:232:4:234:Infinity":81,"b:233:8:233:Infinity:234:9:234:Infinity":48,"b:237:2:239:Infinity:undefined:undefined:undefined:undefined":49,"s:237:2:239:Infinity":82,"b:237:6:237:33:237:33:237:67":50,"s:238:4:238:Infinity":83,"b:241:2:253:Infinity:undefined:undefined:undefined:undefined":51,"s:241:2:253:Infinity":84,"b:242:4:246:Infinity:undefined:undefined:undefined:undefined":52,"s:242:4:246:Infinity":85,"s:243:6:245:Infinity":86,"b:244:10:244:Infinity:245:11:245:Infinity":53,"b:248:4:252:Infinity:undefined:undefined:undefined:undefined":54,"s:248:4:252:Infinity":87,"s:249:6:251:Infinity":88,"b:250:10:250:Infinity:251:11:251:Infinity":55,"s:255:2:255:Infinity":89,"f:258:9:258:Infinity":10,"s:262:24:262:Infinity":90,"s:263:27:263:Infinity":91,"s:265:4:265:Infinity":92,"b:265:4:265:35:265:35:265:Infinity":56,"s:267:4:268:Infinity":93,"b:267:4:267:Infinity:268:4:268:Infinity":57,"s:270:4:273:Infinity":94,"b:270:4:270:Infinity:271:4:271:Infinity:272:4:272:Infinity:273:4:273:Infinity":58,"b:275:2:277:Infinity:undefined:undefined:undefined:undefined":59,"s:275:2:277:Infinity":95,"s:276:4:276:Infinity":96,"b:279:2:281:Infinity:undefined:undefined:undefined:undefined":60,"s:279:2:281:Infinity":97,"s:280:4:280:Infinity":98,"b:283:2:285:Infinity:undefined:undefined:undefined:undefined":61,"s:283:2:285:Infinity":99,"s:284:4:284:Infinity":100,"s:287:2:287:Infinity":101,"f:290:16:290:35":11,"b:291:2:295:Infinity:undefined:undefined:undefined:undefined":62,"s:291:2:295:Infinity":102,"s:292:4:294:Infinity":103,"b:293:8:293:Infinity:294:8:294:Infinity":63,"s:297:19:297:Infinity":104,"s:298:21:298:Infinity":105,"b:298:21:298:45:298:45:298:Infinity":64,"s:299:24:299:Infinity":106,"b:299:24:299:51:299:51:299:Infinity":65,"b:301:2:321:Infinity:undefined:undefined:undefined:undefined":66,"s:301:2:321:Infinity":107,"s:302:31:305:Infinity":108,"b:307:4:309:Infinity:undefined:undefined:undefined:undefined":67,"s:307:4:309:Infinity":109,"s:308:6:308:Infinity":110,"b:311:4:313:Infinity:undefined:undefined:undefined:undefined":68,"s:311:4:313:Infinity":111,"s:312:6:312:Infinity":112,"s:315:4:316:Infinity":113,"s:323:17:323:Infinity":114,"s:324:24:324:Infinity":115,"s:325:30:330:Infinity":116,"b:332:2:334:Infinity:undefined:undefined:undefined:undefined":69,"s:332:2:334:Infinity":117,"s:333:4:333:Infinity":118,"b:337:4:338:Infinity:339:4:342:Infinity:344:4:346:Infinity:348:4:349:Infinity:350:4:353:Infinity:355:4:356:Infinity:357:4:359:Infinity:361:4:362:Infinity":70,"s:336:2:363:Infinity":119,"s:338:6:338:Infinity":120,"b:338:13:338:30:338:30:338:Infinity":71,"s:340:6:342:Infinity":121,"b:341:8:341:Infinity:342:8:342:Infinity":72,"s:345:6:346:Infinity":122,"b:346:8:346:25:346:25:346:Infinity":73,"s:349:6:349:Infinity":123,"b:349:13:349:30:349:30:349:Infinity":74,"s:351:6:353:Infinity":124,"b:352:8:352:Infinity:353:8:353:Infinity":75,"s:356:6:356:Infinity":125,"b:356:13:356:30:356:30:356:Infinity":76,"s:358:6:359:Infinity":126,"b:359:8:359:25:359:25:359:Infinity":77,"s:362:6:362:Infinity":127,"b:362:13:362:30:362:30:362:Infinity":78,"s:366:0:382:Infinity":128,"f:367:2:367:3":12,"s:367:16:367:Infinity":129,"f:368:2:368:3":13,"b:369:4:379:Infinity:undefined:undefined:undefined:undefined":79,"s:369:4:379:Infinity":130,"s:370:6:370:Infinity":131,"b:372:6:378:Infinity:undefined:undefined:undefined:undefined":80,"s:372:6:378:Infinity":132,"b:373:8:373:Infinity:374:8:374:Infinity:375:8:375:Infinity":81,"s:377:8:377:Infinity":133,"s:380:4:380:Infinity":134}}}
,"C:\\Users\\KofiFrimpongOsei\\Desktop\\group project\\Community-team2\\frontend\\src\\assets\\images\\Logo.svg": {"path":"C:\\Users\\KofiFrimpongOsei\\Desktop\\group project\\Community-team2\\frontend\\src\\assets\\images\\Logo.svg","statementMap":{"0":{"start":{"line":2,"column":16},"end":{"line":2,"column":7249}},"1":{"start":{"line":2,"column":43},"end":{"line":2,"column":7249}}},"fnMap":{"0":{"name":"(anonymous_0)","decl":{"start":{"line":2,"column":16},"end":{"line":2,"column":17}},"loc":{"start":{"line":2,"column":43},"end":{"line":2,"column":7249}},"line":2}},"branchMap":{},"s":{"0":2,"1":74},"f":{"0":74},"b":{},"meta":{"lastBranch":0,"lastFunction":1,"lastStatement":2,"seen":{"s:2:16:2:7249":0,"f:2:16:2:17":0,"s:2:43:2:7249":1}}}
,"C:\\Users\\KofiFrimpongOsei\\Desktop\\group project\\Community-team2\\frontend\\src\\assets\\images\\clock-small.svg": {"path":"C:\\Users\\KofiFrimpongOsei\\Desktop\\group project\\Community-team2\\frontend\\src\\assets\\images\\clock-small.svg","statementMap":{"0":{"start":{"line":2,"column":22},"end":{"line":2,"column":453}},"1":{"start":{"line":2,"column":49},"end":{"line":2,"column":453}}},"fnMap":{"0":{"name":"(anonymous_0)","decl":{"start":{"line":2,"column":22},"end":{"line":2,"column":23}},"loc":{"start":{"line":2,"column":49},"end":{"line":2,"column":453}},"line":2}},"branchMap":{},"s":{"0":1,"1":8},"f":{"0":8},"b":{},"meta":{"lastBranch":0,"lastFunction":1,"lastStatement":2,"seen":{"s:2:22:2:453":0,"f:2:22:2:23":0,"s:2:49:2:453":1}}}
,"C:\\Users\\KofiFrimpongOsei\\Desktop\\group project\\Community-team2\\frontend\\src\\assets\\images\\comments-stat.svg": {"path":"C:\\Users\\KofiFrimpongOsei\\Desktop\\group project\\Community-team2\\frontend\\src\\assets\\images\\comments-stat.svg","statementMap":{"0":{"start":{"line":2,"column":24},"end":{"line":2,"column":1390}},"1":{"start":{"line":2,"column":51},"end":{"line":2,"column":1390}}},"fnMap":{"0":{"name":"(anonymous_0)","decl":{"start":{"line":2,"column":24},"end":{"line":2,"column":25}},"loc":{"start":{"line":2,"column":51},"end":{"line":2,"column":1390}},"line":2}},"branchMap":{},"s":{"0":1,"1":8},"f":{"0":8},"b":{},"meta":{"lastBranch":0,"lastFunction":1,"lastStatement":2,"seen":{"s:2:24:2:1390":0,"f:2:24:2:25":0,"s:2:51:2:1390":1}}}
,"C:\\Users\\KofiFrimpongOsei\\Desktop\\group project\\Community-team2\\frontend\\src\\assets\\images\\eye-off.svg": {"path":"C:\\Users\\KofiFrimpongOsei\\Desktop\\group project\\Community-team2\\frontend\\src\\assets\\images\\eye-off.svg","statementMap":{"0":{"start":{"line":2,"column":18},"end":{"line":2,"column":1361}},"1":{"start":{"line":2,"column":45},"end":{"line":2,"column":1361}}},"fnMap":{"0":{"name":"(anonymous_0)","decl":{"start":{"line":2,"column":18},"end":{"line":2,"column":19}},"loc":{"start":{"line":2,"column":45},"end":{"line":2,"column":1361}},"line":2}},"branchMap":{},"s":{"0":2,"1":82},"f":{"0":82},"b":{},"meta":{"lastBranch":0,"lastFunction":1,"lastStatement":2,"seen":{"s:2:18:2:1361":0,"f:2:18:2:19":0,"s:2:45:2:1361":1}}}
,"C:\\Users\\KofiFrimpongOsei\\Desktop\\group project\\Community-team2\\frontend\\src\\assets\\images\\eye-on.svg": {"path":"C:\\Users\\KofiFrimpongOsei\\Desktop\\group project\\Community-team2\\frontend\\src\\assets\\images\\eye-on.svg","statementMap":{"0":{"start":{"line":2,"column":17},"end":{"line":2,"column":711}},"1":{"start":{"line":2,"column":44},"end":{"line":2,"column":711}}},"fnMap":{"0":{"name":"(anonymous_0)","decl":{"start":{"line":2,"column":17},"end":{"line":2,"column":18}},"loc":{"start":{"line":2,"column":44},"end":{"line":2,"column":711}},"line":2}},"branchMap":{},"s":{"0":2,"1":33},"f":{"0":33},"b":{},"meta":{"lastBranch":0,"lastFunction":1,"lastStatement":2,"seen":{"s:2:17:2:711":0,"f:2:17:2:18":0,"s:2:44:2:711":1}}}
,"C:\\Users\\KofiFrimpongOsei\\Desktop\\group project\\Community-team2\\frontend\\src\\assets\\images\\image-indicator.svg": {"path":"C:\\Users\\KofiFrimpongOsei\\Desktop\\group project\\Community-team2\\frontend\\src\\assets\\images\\image-indicator.svg","statementMap":{"0":{"start":{"line":2,"column":26},"end":{"line":2,"column":594}},"1":{"start":{"line":2,"column":53},"end":{"line":2,"column":594}}},"fnMap":{"0":{"name":"(anonymous_0)","decl":{"start":{"line":2,"column":26},"end":{"line":2,"column":27}},"loc":{"start":{"line":2,"column":53},"end":{"line":2,"column":594}},"line":2}},"branchMap":{},"s":{"0":1,"1":1},"f":{"0":1},"b":{},"meta":{"lastBranch":0,"lastFunction":1,"lastStatement":2,"seen":{"s:2:26:2:594":0,"f:2:26:2:27":0,"s:2:53:2:594":1}}}
,"C:\\Users\\KofiFrimpongOsei\\Desktop\\group project\\Community-team2\\frontend\\src\\assets\\images\\lock.svg": {"path":"C:\\Users\\KofiFrimpongOsei\\Desktop\\group project\\Community-team2\\frontend\\src\\assets\\images\\lock.svg","statementMap":{"0":{"start":{"line":2,"column":16},"end":{"line":2,"column":1038}},"1":{"start":{"line":2,"column":43},"end":{"line":2,"column":1038}}},"fnMap":{"0":{"name":"(anonymous_0)","decl":{"start":{"line":2,"column":16},"end":{"line":2,"column":17}},"loc":{"start":{"line":2,"column":43},"end":{"line":2,"column":1038}},"line":2}},"branchMap":{},"s":{"0":2,"1":115},"f":{"0":115},"b":{},"meta":{"lastBranch":0,"lastFunction":1,"lastStatement":2,"seen":{"s:2:16:2:1038":0,"f:2:16:2:17":0,"s:2:43:2:1038":1}}}
,"C:\\Users\\KofiFrimpongOsei\\Desktop\\group project\\Community-team2\\frontend\\src\\assets\\images\\mail.svg": {"path":"C:\\Users\\KofiFrimpongOsei\\Desktop\\group project\\Community-team2\\frontend\\src\\assets\\images\\mail.svg","statementMap":{"0":{"start":{"line":2,"column":16},"end":{"line":2,"column":708}},"1":{"start":{"line":2,"column":43},"end":{"line":2,"column":708}}},"fnMap":{"0":{"name":"(anonymous_0)","decl":{"start":{"line":2,"column":16},"end":{"line":2,"column":17}},"loc":{"start":{"line":2,"column":43},"end":{"line":2,"column":708}},"line":2}},"branchMap":{},"s":{"0":2,"1":74},"f":{"0":74},"b":{},"meta":{"lastBranch":0,"lastFunction":1,"lastStatement":2,"seen":{"s:2:16:2:708":0,"f:2:16:2:17":0,"s:2:43:2:708":1}}}
,"C:\\Users\\KofiFrimpongOsei\\Desktop\\group project\\Community-team2\\frontend\\src\\assets\\images\\user.svg": {"path":"C:\\Users\\KofiFrimpongOsei\\Desktop\\group project\\Community-team2\\frontend\\src\\assets\\images\\user.svg","statementMap":{"0":{"start":{"line":2,"column":16},"end":{"line":2,"column":851}},"1":{"start":{"line":2,"column":43},"end":{"line":2,"column":851}}},"fnMap":{"0":{"name":"(anonymous_0)","decl":{"start":{"line":2,"column":16},"end":{"line":2,"column":17}},"loc":{"start":{"line":2,"column":43},"end":{"line":2,"column":851}},"line":2}},"branchMap":{},"s":{"0":1,"1":41},"f":{"0":41},"b":{},"meta":{"lastBranch":0,"lastFunction":1,"lastStatement":2,"seen":{"s:2:16:2:851":0,"f:2:16:2:17":0,"s:2:43:2:851":1}}}
,"C:\\Users\\KofiFrimpongOsei\\Desktop\\group project\\Community-team2\\frontend\\src\\components\\atoms\\Badge.tsx": {"path":"C:\\Users\\KofiFrimpongOsei\\Desktop\\group project\\Community-team2\\frontend\\src\\components\\atoms\\Badge.tsx","statementMap":{"0":{"start":{"line":3,"column":42},"end":{"line":9,"column":null}},"1":{"start":{"line":11,"column":13},"end":{"line":25,"column":null}},"2":{"start":{"line":12,"column":14},"end":{"line":12,"column":null}},"3":{"start":{"line":13,"column":2},"end":{"line":23,"column":null}}},"fnMap":{"0":{"name":"Badge2","decl":{"start":{"line":11,"column":35},"end":{"line":11,"column":41}},"loc":{"start":{"line":11,"column":77},"end":{"line":25,"column":1}},"line":11}},"branchMap":{"0":{"loc":{"start":{"line":12,"column":14},"end":{"line":12,"column":null}},"type":"binary-expr","locations":[{"start":{"line":12,"column":14},"end":{"line":12,"column":37}},{"start":{"line":12,"column":37},"end":{"line":12,"column":null}}],"line":12}},"s":{"0":1,"1":1,"2":8,"3":8},"f":{"0":8},"b":{"0":[8,0]},"meta":{"lastBranch":1,"lastFunction":1,"lastStatement":4,"seen":{"s:3:42:9:Infinity":0,"s:11:13:25:Infinity":1,"f:11:35:11:41":0,"s:12:14:12:Infinity":2,"b:12:14:12:37:12:37:12:Infinity":0,"s:13:2:23:Infinity":3}}}
,"C:\\Users\\KofiFrimpongOsei\\Desktop\\group project\\Community-team2\\frontend\\src\\components\\atoms\\Button.tsx": {"path":"C:\\Users\\KofiFrimpongOsei\\Desktop\\group project\\Community-team2\\frontend\\src\\components\\atoms\\Button.tsx","statementMap":{"0":{"start":{"line":14,"column":2},"end":{"line":14,"column":null}},"1":{"start":{"line":15,"column":17},"end":{"line":19,"column":null}},"2":{"start":{"line":20,"column":14},"end":{"line":20,"column":null}},"3":{"start":{"line":30,"column":2},"end":{"line":37,"column":null}}},"fnMap":{"0":{"name":"Button","decl":{"start":{"line":22,"column":16},"end":{"line":22,"column":23}},"loc":{"start":{"line":29,"column":16},"end":{"line":39,"column":null}},"line":29}},"branchMap":{"0":{"loc":{"start":{"line":23,"column":2},"end":{"line":23,"column":null}},"type":"default-arg","locations":[{"start":{"line":23,"column":12},"end":{"line":23,"column":null}}],"line":23},"1":{"loc":{"start":{"line":24,"column":2},"end":{"line":24,"column":null}},"type":"default-arg","locations":[{"start":{"line":24,"column":9},"end":{"line":24,"column":null}}],"line":24},"2":{"loc":{"start":{"line":27,"column":2},"end":{"line":27,"column":null}},"type":"default-arg","locations":[{"start":{"line":27,"column":14},"end":{"line":27,"column":null}}],"line":27},"3":{"loc":{"start":{"line":33,"column":16},"end":{"line":33,"column":null}},"type":"binary-expr","locations":[{"start":{"line":33,"column":16},"end":{"line":33,"column":27}},{"start":{"line":33,"column":27},"end":{"line":33,"column":null}}],"line":33},"4":{"loc":{"start":{"line":36,"column":7},"end":{"line":36,"column":null}},"type":"cond-expr","locations":[{"start":{"line":36,"column":17},"end":{"line":36,"column":30}},{"start":{"line":36,"column":30},"end":{"line":36,"column":null}}],"line":36}},"s":{"0":1,"1":1,"2":1,"3":6},"f":{"0":6},"b":{"0":[6],"1":[6],"2":[6],"3":[6,5],"4":[1,5]},"meta":{"lastBranch":5,"lastFunction":1,"lastStatement":4,"seen":{"s:14:2:14:Infinity":0,"s:15:17:19:Infinity":1,"s:20:14:20:Infinity":2,"f:22:16:22:23":0,"b:23:12:23:Infinity":0,"b:24:9:24:Infinity":1,"b:27:14:27:Infinity":2,"s:30:2:37:Infinity":3,"b:33:16:33:27:33:27:33:Infinity":3,"b:36:17:36:30:36:30:36:Infinity":4}}}
,"C:\\Users\\KofiFrimpongOsei\\Desktop\\group project\\Community-team2\\frontend\\src\\components\\atoms\\Text.tsx": {"path":"C:\\Users\\KofiFrimpongOsei\\Desktop\\group project\\Community-team2\\frontend\\src\\components\\atoms\\Text.tsx","statementMap":{"0":{"start":{"line":27,"column":58},"end":{"line":36,"column":null}},"1":{"start":{"line":52,"column":15},"end":{"line":52,"column":null}},"2":{"start":{"line":54,"column":2},"end":{"line":60,"column":null}}},"fnMap":{"0":{"name":"Text","decl":{"start":{"line":45,"column":16},"end":{"line":45,"column":21}},"loc":{"start":{"line":51,"column":14},"end":{"line":62,"column":null}},"line":51}},"branchMap":{"0":{"loc":{"start":{"line":48,"column":2},"end":{"line":48,"column":null}},"type":"default-arg","locations":[{"start":{"line":48,"column":14},"end":{"line":48,"column":null}}],"line":48},"1":{"loc":{"start":{"line":52,"column":15},"end":{"line":52,"column":null}},"type":"binary-expr","locations":[{"start":{"line":52,"column":15},"end":{"line":52,"column":21}},{"start":{"line":52,"column":21},"end":{"line":52,"column":null}}],"line":52}},"s":{"0":2,"1":116,"2":116},"f":{"0":116},"b":{"0":[116],"1":[116,42]},"meta":{"lastBranch":2,"lastFunction":1,"lastStatement":3,"seen":{"s:27:58:36:Infinity":0,"f:45:16:45:21":0,"b:48:14:48:Infinity":0,"s:52:15:52:Infinity":1,"b:52:15:52:21:52:21:52:Infinity":1,"s:54:2:60:Infinity":2}}}
,"C:\\Users\\KofiFrimpongOsei\\Desktop\\group project\\Community-team2\\frontend\\src\\components\\molecules\\PostCard.tsx": {"path":"C:\\Users\\KofiFrimpongOsei\\Desktop\\group project\\Community-team2\\frontend\\src\\components\\molecules\\PostCard.tsx","statementMap":{"0":{"start":{"line":14,"column":13},"end":{"line":86,"column":null}},"1":{"start":{"line":18,"column":2},"end":{"line":84,"column":null}},"2":{"start":{"line":27,"column":8},"end":{"line":30,"column":null}},"3":{"start":{"line":28,"column":10},"end":{"line":28,"column":null}},"4":{"start":{"line":29,"column":10},"end":{"line":29,"column":null}}},"fnMap":{"0":{"name":"PostCard2","decl":{"start":{"line":14,"column":38},"end":{"line":14,"column":47}},"loc":{"start":{"line":17,"column":18},"end":{"line":86,"column":1}},"line":17},"1":{"name":"(anonymous_1)","decl":{"start":{"line":26,"column":17},"end":{"line":26,"column":18}},"loc":{"start":{"line":26,"column":24},"end":{"line":31,"column":null}},"line":26}},"branchMap":{"0":{"loc":{"start":{"line":27,"column":8},"end":{"line":30,"column":null}},"type":"if","locations":[{"start":{"line":27,"column":8},"end":{"line":30,"column":null}},{"start":{},"end":{}}],"line":27},"1":{"loc":{"start":{"line":27,"column":12},"end":{"line":27,"column":48}},"type":"binary-expr","locations":[{"start":{"line":27,"column":12},"end":{"line":27,"column":33}},{"start":{"line":27,"column":33},"end":{"line":27,"column":48}}],"line":27},"2":{"loc":{"start":{"line":67,"column":11},"end":{"line":74,"column":null}},"type":"binary-expr","locations":[{"start":{"line":67,"column":11},"end":{"line":67,"column":null}},{"start":{"line":68,"column":12},"end":{"line":74,"column":null}}],"line":67},"3":{"loc":{"start":{"line":80,"column":48},"end":{"line":80,"column":null}},"type":"binary-expr","locations":[{"start":{"line":80,"column":48},"end":{"line":80,"column":73}},{"start":{"line":80,"column":73},"end":{"line":80,"column":null}}],"line":80}},"s":{"0":1,"1":8,"2":0,"3":0,"4":0},"f":{"0":8,"1":0},"b":{"0":[0,0],"1":[0,0],"2":[8,1],"3":[8,0]},"meta":{"lastBranch":4,"lastFunction":2,"lastStatement":5,"seen":{"s:14:13:86:Infinity":0,"f:14:38:14:47":0,"s:18:2:84:Infinity":1,"f:26:17:26:18":1,"b:27:8:30:Infinity:undefined:undefined:undefined:undefined":0,"s:27:8:30:Infinity":2,"b:27:12:27:33:27:33:27:48":1,"s:28:10:28:Infinity":3,"s:29:10:29:Infinity":4,"b:67:11:67:Infinity:68:12:74:Infinity":2,"b:80:48:80:73:80:73:80:Infinity":3}}}
,"C:\\Users\\KofiFrimpongOsei\\Desktop\\group project\\Community-team2\\frontend\\src\\features\\auth\\authSession.ts": {"path":"C:\\Users\\KofiFrimpongOsei\\Desktop\\group project\\Community-team2\\frontend\\src\\features\\auth\\authSession.ts","statementMap":{"0":{"start":{"line":13,"column":48},"end":{"line":17,"column":null}},"1":{"start":{"line":22,"column":2},"end":{"line":26,"column":null}},"2":{"start":{"line":30,"column":2},"end":{"line":32,"column":null}},"3":{"start":{"line":31,"column":4},"end":{"line":31,"column":null}},"4":{"start":{"line":34,"column":2},"end":{"line":44,"column":null}},"5":{"start":{"line":35,"column":16},"end":{"line":35,"column":null}},"6":{"start":{"line":36,"column":4},"end":{"line":38,"column":null}},"7":{"start":{"line":37,"column":6},"end":{"line":37,"column":null}},"8":{"start":{"line":40,"column":19},"end":{"line":40,"column":null}},"9":{"start":{"line":41,"column":4},"end":{"line":41,"column":null}},"10":{"start":{"line":43,"column":4},"end":{"line":43,"column":null}},"11":{"start":{"line":47,"column":18},"end":{"line":47,"column":null}},"12":{"start":{"line":50,"column":2},"end":{"line":50,"column":null}},"13":{"start":{"line":54,"column":2},"end":{"line":54,"column":null}},"14":{"start":{"line":58,"column":2},"end":{"line":58,"column":null}},"15":{"start":{"line":64,"column":2},"end":{"line":64,"column":null}},"16":{"start":{"line":65,"column":2},"end":{"line":65,"column":null}},"17":{"start":{"line":69,"column":2},"end":{"line":69,"column":null}},"18":{"start":{"line":70,"column":2},"end":{"line":70,"column":null}},"19":{"start":{"line":74,"column":2},"end":{"line":74,"column":null}},"20":{"start":{"line":76,"column":2},"end":{"line":78,"column":null}},"21":{"start":{"line":77,"column":4},"end":{"line":77,"column":null}}},"fnMap":{"0":{"name":"normalizeAuthSession","decl":{"start":{"line":19,"column":9},"end":{"line":19,"column":null}},"loc":{"start":{"line":21,"column":23},"end":{"line":27,"column":null}},"line":21},"1":{"name":"readPersistedAuthSession","decl":{"start":{"line":29,"column":9},"end":{"line":29,"column":57}},"loc":{"start":{"line":29,"column":57},"end":{"line":45,"column":null}},"line":29},"2":{"name":"getAuthSession","decl":{"start":{"line":49,"column":16},"end":{"line":49,"column":54}},"loc":{"start":{"line":49,"column":54},"end":{"line":51,"column":null}},"line":49},"3":{"name":"getAuthToken","decl":{"start":{"line":53,"column":16},"end":{"line":53,"column":46}},"loc":{"start":{"line":53,"column":46},"end":{"line":55,"column":null}},"line":53},"4":{"name":"getAuthUser","decl":{"start":{"line":57,"column":16},"end":{"line":57,"column":43}},"loc":{"start":{"line":57,"column":43},"end":{"line":59,"column":null}},"line":57},"5":{"name":"setAuthSession","decl":{"start":{"line":61,"column":16},"end":{"line":61,"column":null}},"loc":{"start":{"line":63,"column":23},"end":{"line":66,"column":null}},"line":63},"6":{"name":"loadAuthSessionFromStorage","decl":{"start":{"line":68,"column":16},"end":{"line":68,"column":66}},"loc":{"start":{"line":68,"column":66},"end":{"line":71,"column":null}},"line":68},"7":{"name":"clearPersistedAuthSession","decl":{"start":{"line":73,"column":16},"end":{"line":73,"column":50}},"loc":{"start":{"line":73,"column":50},"end":{"line":79,"column":null}},"line":73}},"branchMap":{"0":{"loc":{"start":{"line":23,"column":10},"end":{"line":23,"column":null}},"type":"binary-expr","locations":[{"start":{"line":23,"column":10},"end":{"line":23,"column":28}},{"start":{"line":23,"column":28},"end":{"line":23,"column":null}}],"line":23},"1":{"loc":{"start":{"line":24,"column":11},"end":{"line":24,"column":null}},"type":"binary-expr","locations":[{"start":{"line":24,"column":11},"end":{"line":24,"column":30}},{"start":{"line":24,"column":30},"end":{"line":24,"column":null}}],"line":24},"2":{"loc":{"start":{"line":25,"column":29},"end":{"line":25,"column":73}},"type":"binary-expr","locations":[{"start":{"line":25,"column":29},"end":{"line":25,"column":58}},{"start":{"line":25,"column":58},"end":{"line":25,"column":73}}],"line":25},"3":{"loc":{"start":{"line":30,"column":2},"end":{"line":32,"column":null}},"type":"if","locations":[{"start":{"line":30,"column":2},"end":{"line":32,"column":null}},{"start":{},"end":{}}],"line":30},"4":{"loc":{"start":{"line":36,"column":4},"end":{"line":38,"column":null}},"type":"if","locations":[{"start":{"line":36,"column":4},"end":{"line":38,"column":null}},{"start":{},"end":{}}],"line":36},"5":{"loc":{"start":{"line":76,"column":2},"end":{"line":78,"column":null}},"type":"if","locations":[{"start":{"line":76,"column":2},"end":{"line":78,"column":null}},{"start":{},"end":{}}],"line":76}},"s":{"0":4,"1":2,"2":4,"3":0,"4":4,"5":4,"6":4,"7":3,"8":1,"9":1,"10":0,"11":4,"12":2,"13":1,"14":0,"15":1,"16":1,"17":0,"18":0,"19":7,"20":7,"21":7},"f":{"0":2,"1":4,"2":2,"3":1,"4":0,"5":1,"6":0,"7":7},"b":{"0":[2,0],"1":[2,0],"2":[2,2],"3":[0,4],"4":[3,1],"5":[7,0]},"meta":{"lastBranch":6,"lastFunction":8,"lastStatement":22,"seen":{"s:13:48:17:Infinity":0,"f:19:9:19:Infinity":0,"s:22:2:26:Infinity":1,"b:23:10:23:28:23:28:23:Infinity":0,"b:24:11:24:30:24:30:24:Infinity":1,"b:25:29:25:58:25:58:25:73":2,"f:29:9:29:57":1,"b:30:2:32:Infinity:undefined:undefined:undefined:undefined":3,"s:30:2:32:Infinity":2,"s:31:4:31:Infinity":3,"s:34:2:44:Infinity":4,"s:35:16:35:Infinity":5,"b:36:4:38:Infinity:undefined:undefined:undefined:undefined":4,"s:36:4:38:Infinity":6,"s:37:6:37:Infinity":7,"s:40:19:40:Infinity":8,"s:41:4:41:Infinity":9,"s:43:4:43:Infinity":10,"s:47:18:47:Infinity":11,"f:49:16:49:54":2,"s:50:2:50:Infinity":12,"f:53:16:53:46":3,"s:54:2:54:Infinity":13,"f:57:16:57:43":4,"s:58:2:58:Infinity":14,"f:61:16:61:Infinity":5,"s:64:2:64:Infinity":15,"s:65:2:65:Infinity":16,"f:68:16:68:66":6,"s:69:2:69:Infinity":17,"s:70:2:70:Infinity":18,"f:73:16:73:50":7,"s:74:2:74:Infinity":19,"b:76:2:78:Infinity:undefined:undefined:undefined:undefined":5,"s:76:2:78:Infinity":20,"s:77:4:77:Infinity":21}}}
,"C:\\Users\\KofiFrimpongOsei\\Desktop\\group project\\Community-team2\\frontend\\src\\features\\auth\\authStore.ts": {"path":"C:\\Users\\KofiFrimpongOsei\\Desktop\\group project\\Community-team2\\frontend\\src\\features\\auth\\authStore.ts","statementMap":{"0":{"start":{"line":22,"column":71},"end":{"line":26,"column":null}},"1":{"start":{"line":28,"column":13},"end":{"line":77,"column":null}},"2":{"start":{"line":30,"column":19},"end":{"line":67,"column":null}},"3":{"start":{"line":34,"column":32},"end":{"line":34,"column":null}},"4":{"start":{"line":35,"column":26},"end":{"line":35,"column":null}},"5":{"start":{"line":36,"column":8},"end":{"line":36,"column":null}},"6":{"start":{"line":37,"column":8},"end":{"line":37,"column":null}},"7":{"start":{"line":41,"column":32},"end":{"line":45,"column":null}},"8":{"start":{"line":46,"column":26},"end":{"line":46,"column":null}},"9":{"start":{"line":47,"column":8},"end":{"line":47,"column":null}},"10":{"start":{"line":48,"column":8},"end":{"line":48,"column":null}},"11":{"start":{"line":52,"column":8},"end":{"line":52,"column":null}},"12":{"start":{"line":53,"column":8},"end":{"line":53,"column":null}},"13":{"start":{"line":57,"column":29},"end":{"line":57,"column":null}},"14":{"start":{"line":59,"column":8},"end":{"line":63,"column":null}},"15":{"start":{"line":60,"column":10},"end":{"line":60,"column":null}},"16":{"start":{"line":61,"column":10},"end":{"line":61,"column":null}},"17":{"start":{"line":62,"column":10},"end":{"line":62,"column":null}},"18":{"start":{"line":65,"column":8},"end":{"line":65,"column":null}},"19":{"start":{"line":70,"column":30},"end":{"line":74,"column":null}}},"fnMap":{"0":{"name":"(anonymous_0)","decl":{"start":{"line":30,"column":4},"end":{"line":30,"column":5}},"loc":{"start":{"line":30,"column":19},"end":{"line":67,"column":null}},"line":30},"1":{"name":"(anonymous_1)","decl":{"start":{"line":33,"column":13},"end":{"line":33,"column":20}},"loc":{"start":{"line":33,"column":40},"end":{"line":38,"column":null}},"line":33},"2":{"name":"(anonymous_2)","decl":{"start":{"line":40,"column":16},"end":{"line":40,"column":23}},"loc":{"start":{"line":40,"column":53},"end":{"line":49,"column":null}},"line":40},"3":{"name":"(anonymous_3)","decl":{"start":{"line":51,"column":14},"end":{"line":51,"column":20}},"loc":{"start":{"line":51,"column":20},"end":{"line":54,"column":null}},"line":51},"4":{"name":"(anonymous_4)","decl":{"start":{"line":56,"column":28},"end":{"line":56,"column":34}},"loc":{"start":{"line":56,"column":34},"end":{"line":66,"column":null}},"line":56},"5":{"name":"(anonymous_5)","decl":{"start":{"line":70,"column":18},"end":{"line":70,"column":19}},"loc":{"start":{"line":70,"column":30},"end":{"line":74,"column":null}},"line":70}},"branchMap":{"0":{"loc":{"start":{"line":59,"column":8},"end":{"line":63,"column":null}},"type":"if","locations":[{"start":{"line":59,"column":8},"end":{"line":63,"column":null}},{"start":{},"end":{}}],"line":59}},"s":{"0":1,"1":1,"2":1,"3":2,"4":1,"5":1,"6":1,"7":0,"8":0,"9":0,"10":0,"11":1,"12":1,"13":1,"14":1,"15":1,"16":1,"17":1,"18":0,"19":10},"f":{"0":1,"1":2,"2":0,"3":1,"4":1,"5":10},"b":{"0":[1,0]},"meta":{"lastBranch":1,"lastFunction":6,"lastStatement":20,"seen":{"s:22:71:26:Infinity":0,"s:28:13:77:Infinity":1,"f:30:4:30:5":0,"s:30:19:67:Infinity":2,"f:33:13:33:20":1,"s:34:32:34:Infinity":3,"s:35:26:35:Infinity":4,"s:36:8:36:Infinity":5,"s:37:8:37:Infinity":6,"f:40:16:40:23":2,"s:41:32:45:Infinity":7,"s:46:26:46:Infinity":8,"s:47:8:47:Infinity":9,"s:48:8:48:Infinity":10,"f:51:14:51:20":3,"s:52:8:52:Infinity":11,"s:53:8:53:Infinity":12,"f:56:28:56:34":4,"s:57:29:57:Infinity":13,"b:59:8:63:Infinity:undefined:undefined:undefined:undefined":0,"s:59:8:63:Infinity":14,"s:60:10:60:Infinity":15,"s:61:10:61:Infinity":16,"s:62:10:62:Infinity":17,"s:65:8:65:Infinity":18,"f:70:18:70:19":5,"s:70:30:74:Infinity":19}}}
,"C:\\Users\\KofiFrimpongOsei\\Desktop\\group project\\Community-team2\\frontend\\src\\features\\posts\\postsStore.ts": {"path":"C:\\Users\\KofiFrimpongOsei\\Desktop\\group project\\Community-team2\\frontend\\src\\features\\posts\\postsStore.ts","statementMap":{"0":{"start":{"line":5,"column":21},"end":{"line":5,"column":null}},"1":{"start":{"line":6,"column":23},"end":{"line":6,"column":null}},"2":{"start":{"line":9,"column":2},"end":{"line":9,"column":null}},"3":{"start":{"line":16,"column":2},"end":{"line":18,"column":null}},"4":{"start":{"line":17,"column":13},"end":{"line":17,"column":null}},"5":{"start":{"line":42,"column":13},"end":{"line":136,"column":null}},"6":{"start":{"line":42,"column":63},"end":{"line":136,"column":2}},"7":{"start":{"line":50,"column":20},"end":{"line":50,"column":null}},"8":{"start":{"line":51,"column":23},"end":{"line":51,"column":null}},"9":{"start":{"line":52,"column":28},"end":{"line":52,"column":null}},"10":{"start":{"line":54,"column":4},"end":{"line":56,"column":null}},"11":{"start":{"line":55,"column":6},"end":{"line":55,"column":null}},"12":{"start":{"line":58,"column":4},"end":{"line":58,"column":null}},"13":{"start":{"line":60,"column":10},"end":{"line":74,"column":null}},"14":{"start":{"line":61,"column":6},"end":{"line":73,"column":null}},"15":{"start":{"line":62,"column":21},"end":{"line":62,"column":null}},"16":{"start":{"line":64,"column":8},"end":{"line":66,"column":null}},"17":{"start":{"line":65,"column":10},"end":{"line":65,"column":null}},"18":{"start":{"line":68,"column":8},"end":{"line":68,"column":null}},"19":{"start":{"line":70,"column":8},"end":{"line":72,"column":null}},"20":{"start":{"line":71,"column":10},"end":{"line":71,"column":null}},"21":{"start":{"line":76,"column":4},"end":{"line":76,"column":null}},"22":{"start":{"line":78,"column":4},"end":{"line":78,"column":null}},"23":{"start":{"line":82,"column":28},"end":{"line":82,"column":null}},"24":{"start":{"line":84,"column":4},"end":{"line":86,"column":null}},"25":{"start":{"line":85,"column":6},"end":{"line":85,"column":null}},"26":{"start":{"line":88,"column":4},"end":{"line":88,"column":null}},"27":{"start":{"line":90,"column":10},"end":{"line":101,"column":null}},"28":{"start":{"line":91,"column":6},"end":{"line":100,"column":null}},"29":{"start":{"line":92,"column":21},"end":{"line":92,"column":null}},"30":{"start":{"line":93,"column":8},"end":{"line":93,"column":null}},"31":{"start":{"line":95,"column":8},"end":{"line":95,"column":null}},"32":{"start":{"line":97,"column":8},"end":{"line":99,"column":null}},"33":{"start":{"line":98,"column":10},"end":{"line":98,"column":null}},"34":{"start":{"line":103,"column":4},"end":{"line":103,"column":null}},"35":{"start":{"line":105,"column":4},"end":{"line":105,"column":null}},"36":{"start":{"line":109,"column":17},"end":{"line":109,"column":null}},"37":{"start":{"line":110,"column":4},"end":{"line":110,"column":null}},"38":{"start":{"line":110,"column":16},"end":{"line":110,"column":46}},"39":{"start":{"line":112,"column":4},"end":{"line":112,"column":null}},"40":{"start":{"line":116,"column":20},"end":{"line":116,"column":null}},"41":{"start":{"line":117,"column":4},"end":{"line":120,"column":null}},"42":{"start":{"line":117,"column":16},"end":{"line":120,"column":6}},"43":{"start":{"line":118,"column":33},"end":{"line":118,"column":59}},"44":{"start":{"line":124,"column":4},"end":{"line":124,"column":null}},"45":{"start":{"line":125,"column":4},"end":{"line":125,"column":null}},"46":{"start":{"line":125,"column":16},"end":{"line":125,"column":62}},"47":{"start":{"line":125,"column":47},"end":{"line":125,"column":58}},"48":{"start":{"line":129,"column":4},"end":{"line":135,"column":null}},"49":{"start":{"line":130,"column":6},"end":{"line":132,"column":null}},"50":{"start":{"line":131,"column":8},"end":{"line":131,"column":null}},"51":{"start":{"line":134,"column":6},"end":{"line":134,"column":null}}},"fnMap":{"0":{"name":"createFiltersKey","decl":{"start":{"line":8,"column":9},"end":{"line":8,"column":26}},"loc":{"start":{"line":8,"column":56},"end":{"line":10,"column":null}},"line":8},"1":{"name":"hasFilterChanges","decl":{"start":{"line":12,"column":9},"end":{"line":12,"column":null}},"loc":{"start":{"line":15,"column":11},"end":{"line":19,"column":null}},"line":15},"2":{"name":"(anonymous_2)","decl":{"start":{"line":17,"column":4},"end":{"line":17,"column":5}},"loc":{"start":{"line":17,"column":13},"end":{"line":17,"column":null}},"line":17},"3":{"name":"(anonymous_3)","decl":{"start":{"line":42,"column":48},"end":{"line":42,"column":49}},"loc":{"start":{"line":42,"column":63},"end":{"line":136,"column":2}},"line":42},"4":{"name":"(anonymous_4)","decl":{"start":{"line":49,"column":14},"end":{"line":49,"column":26}},"loc":{"start":{"line":49,"column":26},"end":{"line":79,"column":null}},"line":49},"5":{"name":"(anonymous_5)","decl":{"start":{"line":60,"column":21},"end":{"line":60,"column":33}},"loc":{"start":{"line":60,"column":33},"end":{"line":74,"column":7}},"line":60},"6":{"name":"(anonymous_6)","decl":{"start":{"line":81,"column":13},"end":{"line":81,"column":20}},"loc":{"start":{"line":81,"column":27},"end":{"line":106,"column":null}},"line":81},"7":{"name":"(anonymous_7)","decl":{"start":{"line":90,"column":21},"end":{"line":90,"column":33}},"loc":{"start":{"line":90,"column":33},"end":{"line":101,"column":7}},"line":90},"8":{"name":"(anonymous_8)","decl":{"start":{"line":108,"column":14},"end":{"line":108,"column":21}},"loc":{"start":{"line":108,"column":33},"end":{"line":113,"column":null}},"line":108},"9":{"name":"(anonymous_9)","decl":{"start":{"line":110,"column":8},"end":{"line":110,"column":9}},"loc":{"start":{"line":110,"column":16},"end":{"line":110,"column":46}},"line":110},"10":{"name":"(anonymous_10)","decl":{"start":{"line":115,"column":14},"end":{"line":115,"column":21}},"loc":{"start":{"line":115,"column":37},"end":{"line":121,"column":null}},"line":115},"11":{"name":"(anonymous_11)","decl":{"start":{"line":117,"column":8},"end":{"line":117,"column":9}},"loc":{"start":{"line":117,"column":16},"end":{"line":120,"column":6}},"line":117},"12":{"name":"(anonymous_12)","decl":{"start":{"line":118,"column":25},"end":{"line":118,"column":26}},"loc":{"start":{"line":118,"column":33},"end":{"line":118,"column":59}},"line":118},"13":{"name":"(anonymous_13)","decl":{"start":{"line":123,"column":14},"end":{"line":123,"column":21}},"loc":{"start":{"line":123,"column":28},"end":{"line":126,"column":null}},"line":123},"14":{"name":"(anonymous_14)","decl":{"start":{"line":125,"column":8},"end":{"line":125,"column":9}},"loc":{"start":{"line":125,"column":16},"end":{"line":125,"column":62}},"line":125},"15":{"name":"(anonymous_15)","decl":{"start":{"line":125,"column":40},"end":{"line":125,"column":41}},"loc":{"start":{"line":125,"column":47},"end":{"line":125,"column":58}},"line":125},"16":{"name":"(anonymous_16)","decl":{"start":{"line":128,"column":14},"end":{"line":128,"column":15}},"loc":{"start":{"line":129,"column":4},"end":{"line":135,"column":null}},"line":129},"17":{"name":"(anonymous_17)","decl":{"start":{"line":129,"column":8},"end":{"line":129,"column":9}},"loc":{"start":{"line":129,"column":15},"end":{"line":135,"column":5}},"line":129}},"branchMap":{"0":{"loc":{"start":{"line":54,"column":4},"end":{"line":56,"column":null}},"type":"if","locations":[{"start":{"line":54,"column":4},"end":{"line":56,"column":null}},{"start":{},"end":{}}],"line":54},"1":{"loc":{"start":{"line":64,"column":8},"end":{"line":66,"column":null}},"type":"if","locations":[{"start":{"line":64,"column":8},"end":{"line":66,"column":null}},{"start":{},"end":{}}],"line":64},"2":{"loc":{"start":{"line":70,"column":8},"end":{"line":72,"column":null}},"type":"if","locations":[{"start":{"line":70,"column":8},"end":{"line":72,"column":null}},{"start":{},"end":{}}],"line":70},"3":{"loc":{"start":{"line":84,"column":4},"end":{"line":86,"column":null}},"type":"if","locations":[{"start":{"line":84,"column":4},"end":{"line":86,"column":null}},{"start":{},"end":{}}],"line":84},"4":{"loc":{"start":{"line":97,"column":8},"end":{"line":99,"column":null}},"type":"if","locations":[{"start":{"line":97,"column":8},"end":{"line":99,"column":null}},{"start":{},"end":{}}],"line":97},"5":{"loc":{"start":{"line":118,"column":33},"end":{"line":118,"column":59}},"type":"cond-expr","locations":[{"start":{"line":118,"column":47},"end":{"line":118,"column":57}},{"start":{"line":118,"column":57},"end":{"line":118,"column":59}}],"line":118},"6":{"loc":{"start":{"line":119,"column":19},"end":{"line":119,"column":null}},"type":"cond-expr","locations":[{"start":{"line":119,"column":46},"end":{"line":119,"column":56}},{"start":{"line":119,"column":56},"end":{"line":119,"column":null}}],"line":119},"7":{"loc":{"start":{"line":130,"column":6},"end":{"line":132,"column":null}},"type":"if","locations":[{"start":{"line":130,"column":6},"end":{"line":132,"column":null}},{"start":{},"end":{}}],"line":130}},"s":{"0":1,"1":1,"2":7,"3":1,"4":1,"5":1,"6":1,"7":4,"8":4,"9":4,"10":4,"11":1,"12":3,"13":3,"14":3,"15":3,"16":3,"17":3,"18":3,"19":3,"20":3,"21":3,"22":3,"23":3,"24":3,"25":1,"26":2,"27":2,"28":2,"29":2,"30":2,"31":2,"32":2,"33":2,"34":2,"35":2,"36":1,"37":1,"38":1,"39":1,"40":1,"41":1,"42":1,"43":1,"44":1,"45":1,"46":1,"47":1,"48":1,"49":1,"50":0,"51":1},"f":{"0":7,"1":1,"2":1,"3":1,"4":4,"5":3,"6":3,"7":2,"8":1,"9":1,"10":1,"11":1,"12":1,"13":1,"14":1,"15":1,"16":1,"17":1},"b":{"0":[1,3],"1":[3,0],"2":[3,0],"3":[1,2],"4":[2,0],"5":[1,0],"6":[0,1],"7":[0,1]},"meta":{"lastBranch":8,"lastFunction":18,"lastStatement":52,"seen":{"s:5:21:5:Infinity":0,"s:6:23:6:Infinity":1,"f:8:9:8:26":0,"s:9:2:9:Infinity":2,"f:12:9:12:Infinity":1,"s:16:2:18:Infinity":3,"f:17:4:17:5":2,"s:17:13:17:Infinity":4,"s:42:13:136:Infinity":5,"f:42:48:42:49":3,"s:42:63:136:2":6,"f:49:14:49:26":4,"s:50:20:50:Infinity":7,"s:51:23:51:Infinity":8,"s:52:28:52:Infinity":9,"b:54:4:56:Infinity:undefined:undefined:undefined:undefined":0,"s:54:4:56:Infinity":10,"s:55:6:55:Infinity":11,"s:58:4:58:Infinity":12,"s:60:10:74:Infinity":13,"f:60:21:60:33":5,"s:61:6:73:Infinity":14,"s:62:21:62:Infinity":15,"b:64:8:66:Infinity:undefined:undefined:undefined:undefined":1,"s:64:8:66:Infinity":16,"s:65:10:65:Infinity":17,"s:68:8:68:Infinity":18,"b:70:8:72:Infinity:undefined:undefined:undefined:undefined":2,"s:70:8:72:Infinity":19,"s:71:10:71:Infinity":20,"s:76:4:76:Infinity":21,"s:78:4:78:Infinity":22,"f:81:13:81:20":6,"s:82:28:82:Infinity":23,"b:84:4:86:Infinity:undefined:undefined:undefined:undefined":3,"s:84:4:86:Infinity":24,"s:85:6:85:Infinity":25,"s:88:4:88:Infinity":26,"s:90:10:101:Infinity":27,"f:90:21:90:33":7,"s:91:6:100:Infinity":28,"s:92:21:92:Infinity":29,"s:93:8:93:Infinity":30,"s:95:8:95:Infinity":31,"b:97:8:99:Infinity:undefined:undefined:undefined:undefined":4,"s:97:8:99:Infinity":32,"s:98:10:98:Infinity":33,"s:103:4:103:Infinity":34,"s:105:4:105:Infinity":35,"f:108:14:108:21":8,"s:109:17:109:Infinity":36,"s:110:4:110:Infinity":37,"f:110:8:110:9":9,"s:110:16:110:46":38,"s:112:4:112:Infinity":39,"f:115:14:115:21":10,"s:116:20:116:Infinity":40,"s:117:4:120:Infinity":41,"f:117:8:117:9":11,"s:117:16:120:6":42,"f:118:25:118:26":12,"s:118:33:118:59":43,"b:118:47:118:57:118:57:118:59":5,"b:119:46:119:56:119:56:119:Infinity":6,"f:123:14:123:21":13,"s:124:4:124:Infinity":44,"s:125:4:125:Infinity":45,"f:125:8:125:9":14,"s:125:16:125:62":46,"f:125:40:125:41":15,"s:125:47:125:58":47,"f:128:14:128:15":16,"s:129:4:135:Infinity":48,"f:129:8:129:9":17,"b:130:6:132:Infinity:undefined:undefined:undefined:undefined":7,"s:130:6:132:Infinity":49,"s:131:8:131:Infinity":50,"s:134:6:134:Infinity":51}}}
[...]
efined":0,"s:29:2:31:Infinity":3,"s:30:4:30:Infinity":4,"b:33:2:35:Infinity:undefined:undefined:undefined:undefined":1,"s:33:2:35:Infinity":5,"s:34:4:34:Infinity":6,"s:37:2:37:Infinity":7,"f:40:24:40:39":1,"s:41:8:41:Infinity":8,"f:41:32:41:33":2,"s:41:39:41:49":9,"s:42:8:42:Infinity":10,"s:43:8:43:Infinity":11,"s:45:22:45:Infinity":12,"s:46:30:46:Infinity":13,"s:47:36:47:Infinity":14,"s:48:26:48:Infinity":15,"s:49:36:49:Infinity":16,"s:50:28:50:Infinity":17,"s:52:8:52:Infinity":18,"s:53:2:53:Infinity":19,"s:55:8:62:Infinity":20,"f:55:31:55:32":3,"s:56:4:56:Infinity":21,"f:56:12:56:13":4,"s:56:20:56:37":22,"s:57:4:57:Infinity":23,"s:58:4:61:Infinity":24,"f:58:14:58:15":5,"s:58:28:61:6":25,"s:64:8:78:Infinity":26,"f:64:31:64:57":6,"s:65:59:65:Infinity":27,"s:66:37:66:Infinity":28,"s:67:26:67:Infinity":29,"b:68:4:68:Infinity:undefined:undefined:undefined:undefined":2,"s:68:4:68:Infinity":30,"s:68:23:68:Infinity":31,"b:69:4:70:Infinity:69:29:70:Infinity":3,"s:69:4:70:Infinity":32,"s:69:16:69:Infinity":33,"b:69:29:70:Infinity:undefined:undefined:undefined:undefined":4,"s:69:29:70:Infinity":34,"s:70:36:70:Infinity":35,"b:71:4:73:Infinity:71:35:73:Infinity":5,"s:71:4:73:Infinity":36,"s:71:19:71:Infinity":37,"b:71:35:73:Infinity:undefined:undefined:undefined:undefined":6,"s:71:35:73:Infinity":38,"s:73:6:73:Infinity":39,"b:74:4:76:Infinity:74:49:76:Infinity":7,"s:74:4:76:Infinity":40,"s:74:26:74:Infinity":41,"b:74:49:76:Infinity:undefined:undefined:undefined:undefined":8,"s:74:49:76:Infinity":42,"s:76:6:76:Infinity":43,"s:77:4:77:Infinity":44,"s:80:8:103:Infinity":45,"f:80:35:80:47":7,"s:81:17:81:Infinity":46,"b:82:4:86:Infinity:undefined:undefined:undefined:undefined":9,"s:82:4:86:Infinity":47,"s:83:6:83:Infinity":48,"s:84:6:84:Infinity":49,"s:85:6:85:Infinity":50,"s:88:4:88:Infinity":51,"s:89:4:89:Infinity":52,"s:90:4:90:Infinity":53,"s:91:4:102:Infinity":54,"s:92:44:92:Infinity":55,"s:93:6:93:Infinity":56,"s:94:6:94:Infinity":57,"s:95:6:95:Infinity":58,"s:97:6:99:Infinity":59,"s:101:6:101:Infinity":60,"s:105:8:110:Infinity":61,"f:106:4:106:5":8,"b:107:6:107:Infinity:undefined:undefined:undefined:undefined":10,"s:107:6:107:Infinity":62,"s:107:29:107:Infinity":63,"s:112:20:117:Infinity":64,"f:112:20:112:21":9,"s:113:4:117:Infinity":65,"b:115:10:115:Infinity:116:10:116:Infinity":11,"s:119:23:124:Infinity":66,"f:119:23:119:24":10,"s:120:4:124:Infinity":67,"b:122:10:122:Infinity:123:10:123:Infinity":12,"s:126:27:126:Infinity":68,"s:127:27:127:Infinity":69,"s:129:2:346:Infinity":70,"b:151:35:151:52:151:52:151:Infinity":13,"b:160:37:160:54:160:54:160:Infinity":14,"f:172:26:172:27":11,"s:172:33:172:Infinity":71,"b:176:13:176:Infinity:177:14:183:Infinity":15,"b:197:33:197:50:197:50:197:Infinity":16,"f:209:26:209:27":12,"s:209:33:209:Infinity":72,"b:213:13:213:Infinity:214:14:220:Infinity":17,"b:227:35:227:52:227:52:227:Infinity":18,"b:236:36:236:53:236:53:236:Infinity":19,"b:245:33:245:42:245:42:245:Infinity":20,"f:248:26:248:27":13,"s:248:33:248:Infinity":73,"f:255:25:255:31":14,"s:255:31:255:Infinity":74,"f:255:43:255:44":15,"s:255:50:255:52":75,"b:257:28:257:40:257:40:257:Infinity":21,"b:262:52:262:69:262:69:262:85":22,"b:278:43:278:60:278:60:278:Infinity":23,"b:287:36:287:45:287:45:287:Infinity":24,"f:290:26:290:27":16,"s:290:33:290:Infinity":76,"f:297:25:297:31":17,"s:297:31:297:Infinity":77,"f:297:46:297:47":18,"s:297:53:297:55":78,"b:299:31:299:43:299:43:299:Infinity":25,"b:302:13:302:Infinity:303:14:309:Infinity":26,"b:313:11:313:Infinity:314:12:320:Infinity":27,"b:329:23:329:45:329:45:329:Infinity":28}}}
,"C:\\Users\\KofiFrimpongOsei\\Desktop\\group project\\Community-team2\\frontend\\src\\utils\\TEST_IDS.ts": {"path":"C:\\Users\\KofiFrimpongOsei\\Desktop\\group project\\Community-team2\\frontend\\src\\utils\\TEST_IDS.ts","statementMap":{"0":{"start":{"line":11,"column":24},"end":{"line":239,"column":null}},"1":{"start":{"line":51,"column":6},"end":{"line":51,"column":null}},"2":{"start":{"line":124,"column":6},"end":{"line":124,"column":null}},"3":{"start":{"line":129,"column":26},"end":{"line":129,"column":null}},"4":{"start":{"line":138,"column":6},"end":{"line":138,"column":null}},"5":{"start":{"line":152,"column":6},"end":{"line":152,"column":null}},"6":{"start":{"line":185,"column":26},"end":{"line":185,"column":null}},"7":{"start":{"line":213,"column":6},"end":{"line":213,"column":null}},"8":{"start":{"line":215,"column":6},"end":{"line":215,"column":null}},"9":{"start":{"line":229,"column":40},"end":{"line":229,"column":null}},"10":{"start":{"line":244,"column":2},"end":{"line":244,"column":null}}},"fnMap":{"0":{"name":"(anonymous_0)","decl":{"start":{"line":50,"column":18},"end":{"line":50,"column":19}},"loc":{"start":{"line":51,"column":6},"end":{"line":51,"column":null}},"line":51},"1":{"name":"(anonymous_1)","decl":{"start":{"line":123,"column":25},"end":{"line":123,"column":26}},"loc":{"start":{"line":124,"column":6},"end":{"line":124,"column":null}},"line":124},"2":{"name":"(anonymous_2)","decl":{"start":{"line":129,"column":10},"end":{"line":129,"column":11}},"loc":{"start":{"line":129,"column":26},"end":{"line":129,"column":null}},"line":129},"3":{"name":"(anonymous_3)","decl":{"start":{"line":137,"column":11},"end":{"line":137,"column":12}},"loc":{"start":{"line":138,"column":6},"end":{"line":138,"column":null}},"line":138},"4":{"name":"(anonymous_4)","decl":{"start":{"line":151,"column":16},"end":{"line":151,"column":17}},"loc":{"start":{"line":152,"column":6},"end":{"line":152,"column":null}},"line":152},"5":{"name":"(anonymous_5)","decl":{"start":{"line":185,"column":10},"end":{"line":185,"column":11}},"loc":{"start":{"line":185,"column":26},"end":{"line":185,"column":null}},"line":185},"6":{"name":"(anonymous_6)","decl":{"start":{"line":212,"column":19},"end":{"line":212,"column":20}},"loc":{"start":{"line":213,"column":6},"end":{"line":213,"column":null}},"line":213},"7":{"name":"(anonymous_7)","decl":{"start":{"line":214,"column":20},"end":{"line":214,"column":21}},"loc":{"start":{"line":215,"column":6},"end":{"line":215,"column":null}},"line":215},"8":{"name":"(anonymous_8)","decl":{"start":{"line":229,"column":22},"end":{"line":229,"column":23}},"loc":{"start":{"line":229,"column":40},"end":{"line":229,"column":null}},"line":229},"9":{"name":"sel","decl":{"start":{"line":243,"column":16},"end":{"line":243,"column":20}},"loc":{"start":{"line":243,"column":44},"end":{"line":245,"column":null}},"line":243}},"branchMap":{},"s":{"0":2,"1":1,"2":1,"3":3,"4":1,"5":0,"6":1,"7":0,"8":0,"9":0,"10":1},"f":{"0":1,"1":1,"2":3,"3":1,"4":0,"5":1,"6":0,"7":0,"8":0,"9":1},"b":{},"meta":{"lastBranch":0,"lastFunction":10,"lastStatement":11,"seen":{"s:11:24:239:Infinity":0,"f:50:18:50:19":0,"s:51:6:51:Infinity":1,"f:123:25:123:26":1,"s:124:6:124:Infinity":2,"f:129:10:129:11":2,"s:129:26:129:Infinity":3,"f:137:11:137:12":3,"s:138:6:138:Infinity":4,"f:151:16:151:17":4,"s:152:6:152:Infinity":5,"f:185:10:185:11":5,"s:185:26:185:Infinity":6,"f:212:19:212:20":6,"s:213:6:213:Infinity":7,"f:214:20:214:21":7,"s:215:6:215:Infinity":8,"f:229:22:229:23":8,"s:229:40:229:Infinity":9,"f:243:16:243:20":9,"s:244:2:244:Infinity":10}}}
,"C:\\Users\\KofiFrimpongOsei\\Desktop\\group project\\Community-team2\\frontend\\src\\utils\\index.ts": {"path":"C:\\Users\\KofiFrimpongOsei\\Desktop\\group project\\Community-team2\\frontend\\src\\utils\\index.ts","statementMap":{"0":{"start":{"line":2,"column":8},"end":{"line":2,"column":null}},"1":{"start":{"line":3,"column":2},"end":{"line":3,"column":null}},"2":{"start":{"line":3,"column":17},"end":{"line":3,"column":null}},"3":{"start":{"line":4,"column":2},"end":{"line":4,"column":null}},"4":{"start":{"line":4,"column":19},"end":{"line":4,"column":null}},"5":{"start":{"line":5,"column":2},"end":{"line":6,"column":null}},"6":{"start":{"line":6,"column":4},"end":{"line":6,"column":null}},"7":{"start":{"line":7,"column":2},"end":{"line":7,"column":null}},"8":{"start":{"line":11,"column":2},"end":{"line":17,"column":null}},"9":{"start":{"line":14,"column":18},"end":{"line":14,"column":22}},"10":{"start":{"line":25,"column":2},"end":{"line":28,"column":null}},"11":{"start":{"line":26,"column":20},"end":{"line":26,"column":null}},"12":{"start":{"line":27,"column":4},"end":{"line":27,"column":null}},"13":{"start":{"line":30,"column":2},"end":{"line":33,"column":null}},"14":{"start":{"line":31,"column":20},"end":{"line":31,"column":null}},"15":{"start":{"line":32,"column":4},"end":{"line":32,"column":null}},"16":{"start":{"line":35,"column":2},"end":{"line":35,"column":null}},"17":{"start":{"line":38,"column":35},"end":{"line":38,"column":null}},"18":{"start":{"line":39,"column":35},"end":{"line":39,"column":null}},"19":{"start":{"line":41,"column":2},"end":{"line":41,"column":null}},"20":{"start":{"line":43,"column":2},"end":{"line":43,"column":null}},"21":{"start":{"line":45,"column":27},"end":{"line":45,"column":null}},"22":{"start":{"line":48,"column":16},"end":{"line":48,"column":null}},"23":{"start":{"line":50,"column":2},"end":{"line":52,"column":null}},"24":{"start":{"line":51,"column":4},"end":{"line":51,"column":null}},"25":{"start":{"line":54,"column":2},"end":{"line":56,"column":null}},"26":{"start":{"line":55,"column":4},"end":{"line":55,"column":null}},"27":{"start":{"line":58,"column":2},"end":{"line":60,"column":null}},"28":{"start":{"line":59,"column":4},"end":{"line":59,"column":null}},"29":{"start":{"line":62,"column":2},"end":{"line":64,"column":null}},"30":{"start":{"line":63,"column":4},"end":{"line":63,"column":null}},"31":{"start":{"line":66,"column":2},"end":{"line":68,"column":null}},"32":{"start":{"line":67,"column":4},"end":{"line":67,"column":null}},"33":{"start":{"line":70,"column":2},"end":{"line":72,"column":null}},"34":{"start":{"line":71,"column":4},"end":{"line":71,"column":null}},"35":{"start":{"line":74,"column":2},"end":{"line":74,"column":null}},"36":{"start":{"line":95,"column":2},"end":{"line":106,"column":null}},"37":{"start":{"line":96,"column":18},"end":{"line":96,"column":null}},"38":{"start":{"line":97,"column":4},"end":{"line":97,"column":null}},"39":{"start":{"line":97,"column":28},"end":{"line":97,"column":null}},"40":{"start":{"line":99,"column":20},"end":{"line":99,"column":null}},"41":{"start":{"line":100,"column":17},"end":{"line":102,"column":null}},"42":{"start":{"line":103,"column":4},"end":{"line":103,"column":null}},"43":{"start":{"line":105,"column":4},"end":{"line":105,"column":null}},"44":{"start":{"line":114,"column":2},"end":{"line":114,"column":null}},"45":{"start":{"line":114,"column":14},"end":{"line":114,"column":null}},"46":{"start":{"line":115,"column":18},"end":{"line":115,"column":null}},"47":{"start":{"line":116,"column":2},"end":{"line":116,"column":null}},"48":{"start":{"line":116,"column":16},"end":{"line":116,"column":null}},"49":{"start":{"line":117,"column":2},"end":{"line":117,"column":null}},"50":{"start":{"line":117,"column":20},"end":{"line":117,"column":null}},"51":{"start":{"line":118,"column":2},"end":{"line":118,"column":null}}},"fnMap":{"0":{"name":"timeAgo","decl":{"start":{"line":1,"column":16},"end":{"line":1,"column":24}},"loc":{"start":{"line":1,"column":49},"end":{"line":8,"column":null}},"line":1},"1":{"name":"initials","decl":{"start":{"line":10,"column":16},"end":{"line":10,"column":25}},"loc":{"start":{"line":10,"column":47},"end":{"line":19,"column":null}},"line":10},"2":{"name":"(anonymous_2)","decl":{"start":{"line":14,"column":11},"end":{"line":14,"column":12}},"loc":{"start":{"line":14,"column":18},"end":{"line":14,"column":22}},"line":14},"3":{"name":"toErrorMessage","decl":{"start":{"line":21,"column":16},"end":{"line":21,"column":null}},"loc":{"start":{"line":24,"column":10},"end":{"line":36,"column":null}},"line":24},"4":{"name":"validateUsername","decl":{"start":{"line":47,"column":16},"end":{"line":47,"column":33}},"loc":{"start":{"line":47,"column":66},"end":{"line":75,"column":null}},"line":47},"5":{"name":"decodeJwt","decl":{"start":{"line":94,"column":16},"end":{"line":94,"column":26}},"loc":{"start":{"line":94,"column":60},"end":{"line":107,"column":null}},"line":94},"6":{"name":"isTokenValid","decl":{"start":{"line":113,"column":16},"end":{"line":113,"column":29}},"loc":{"start":{"line":113,"column":60},"end":{"line":119,"column":null}},"line":113}},"branchMap":{"0":{"loc":{"start":{"line":3,"column":2},"end":{"line":3,"column":null}},"type":"if","locations":[{"start":{"line":3,"column":2},"end":{"line":3,"column":null}},{"start":{},"end":{}}],"line":3},"1":{"loc":{"start":{"line":4,"column":2},"end":{"line":4,"column":null}},"type":"if","locations":[{"start":{"line":4,"column":2},"end":{"line":4,"column":null}},{"start":{},"end":{}}],"line":4},"2":{"loc":{"start":{"line":5,"column":2},"end":{"line":6,"column":null}},"type":"if","locations":[{"start":{"line":5,"column":2},"end":{"line":6,"column":null}},{"start":{},"end":{}}],"line":5},"3":{"loc":{"start":{"line":6,"column":51},"end":{"line":6,"column":89}},"type":"cond-expr","locations":[{"start":{"line":6,"column":81},"end":{"line":6,"column":87}},{"start":{"line":6,"column":87},"end":{"line":6,"column":89}}],"line":6},"4":{"loc":{"start":{"line":7,"column":43},"end":{"line":7,"column":82}},"type":"cond-expr","locations":[{"start":{"line":7,"column":74},"end":{"line":7,"column":80}},{"start":{"line":7,"column":80},"end":{"line":7,"column":82}}],"line":7},"5":{"loc":{"start":{"line":12,"column":4},"end":{"line":17,"column":null}},"type":"binary-expr","locations":[{"start":{"line":12,"column":4},"end":{"line":17,"column":22}},{"start":{"line":17,"column":22},"end":{"line":17,"column":null}}],"line":12},"6":{"loc":{"start":{"line":23,"column":2},"end":{"line":23,"column":null}},"type":"default-arg","locations":[{"start":{"line":23,"column":13},"end":{"line":23,"column":null}}],"line":23},"7":{"loc":{"start":{"line":25,"column":2},"end":{"line":28,"column":null}},"type":"if","locations":[{"start":{"line":25,"column":2},"end":{"line":28,"column":null}},{"start":{},"end":{}}],"line":25},"8":{"loc":{"start":{"line":27,"column":11},"end":{"line":27,"column":null}},"type":"binary-expr","locations":[{"start":{"line":27,"column":11},"end":{"line":27,"column":22}},{"start":{"line":27,"column":22},"end":{"line":27,"column":null}}],"line":27},"9":{"loc":{"start":{"line":30,"column":2},"end":{"line":33,"column":null}},"type":"if","locations":[{"start":{"line":30,"column":2},"end":{"line":33,"column":null}},{"start":{},"end":{}}],"line":30},"10":{"loc":{"start":{"line":32,"column":11},"end":{"line":32,"column":null}},"type":"binary-expr","locations":[{"start":{"line":32,"column":11},"end":{"line":32,"column":22}},{"start":{"line":32,"column":22},"end":{"line":32,"column":null}}],"line":32},"11":{"loc":{"start":{"line":50,"column":2},"end":{"line":52,"column":null}},"type":"if","locations":[{"start":{"line":50,"column":2},"end":{"line":52,"column":null}},{"start":{},"end":{}}],"line":50},"12":{"loc":{"start":{"line":54,"column":2},"end":{"line":56,"column":null}},"type":"if","locations":[{"start":{"line":54,"column":2},"end":{"line":56,"column":null}},{"start":{},"end":{}}],"line":54},"13":{"loc":{"start":{"line":58,"column":2},"end":{"line":60,"column":null}},"type":"if","locations":[{"start":{"line":58,"column":2},"end":{"line":60,"column":null}},{"start":{},"end":{}}],"line":58},"14":{"loc":{"start":{"line":62,"column":2},"end":{"line":64,"column":null}},"type":"if","locations":[{"start":{"line":62,"column":2},"end":{"line":64,"column":null}},{"start":{},"end":{}}],"line":62},"15":{"loc":{"start":{"line":66,"column":2},"end":{"line":68,"column":null}},"type":"if","locations":[{"start":{"line":66,"column":2},"end":{"line":68,"column":null}},{"start":{},"end":{}}],"line":66},"16":{"loc":{"start":{"line":70,"column":2},"end":{"line":72,"column":null}},"type":"if","locations":[{"start":{"line":70,"column":2},"end":{"line":72,"column":null}},{"start":{},"end":{}}],"line":70},"17":{"loc":{"start":{"line":97,"column":4},"end":{"line":97,"column":null}},"type":"if","locations":[{"start":{"line":97,"column":4},"end":{"line":97,"column":null}},{"start":{},"end":{}}],"line":97},"18":{"loc":{"start":{"line":114,"column":2},"end":{"line":114,"column":null}},"type":"if","locations":[{"start":{"line":114,"column":2},"end":{"line":114,"column":null}},{"start":{},"end":{}}],"line":114},"19":{"loc":{"start":{"line":116,"column":2},"end":{"line":116,"column":null}},"type":"if","locations":[{"start":{"line":116,"column":2},"end":{"line":116,"column":null}},{"start":{},"end":{}}],"line":116},"20":{"loc":{"start":{"line":117,"column":2},"end":{"line":117,"column":null}},"type":"if","locations":[{"start":{"line":117,"column":2},"end":{"line":117,"column":null}},{"start":{},"end":{}}],"line":117}},"s":{"0":12,"1":12,"2":1,"3":11,"4":11,"5":2,"6":2,"7":1,"8":4,"9":4,"10":5,"11":3,"12":3,"13":2,"14":1,"15":1,"16":1,"17":5,"18":5,"19":5,"20":5,"21":5,"22":7,"23":7,"24":0,"25":7,"26":1,"27":6,"28":0,"29":6,"30":1,"31":5,"32":2,"33":3,"34":1,"35":2,"36":7,"37":7,"38":7,"39":3,"40":4,"41":4,"42":4,"43":0,"44":5,"45":1,"46":4,"47":4,"48":1,"49":3,"50":0,"51":3},"f":{"0":12,"1":4,"2":4,"3":5,"4":7,"5":7,"6":5},"b":{"0":[1,11],"1":[9,2],"2":[1,1],"3":[1,0],"4":[1,0],"5":[4,2],"6":[5],"7":[3,2],"8":[3,1],"9":[1,1],"10":[1,0],"11":[0,7],"12":[1,6],"13":[0,6],"14":[1,5],"15":[2,3],"16":[1,2],"17":[3,4],"18":[1,4],"19":[1,3],"20":[0,3]},"meta":{"lastBranch":21,"lastFunction":7,"lastStatement":52,"seen":{"f:1:16:1:24":0,"s:2:8:2:Infinity":0,"b:3:2:3:Infinity:undefined:undefined:undefined:undefined":0,"s:3:2:3:Infinity":1,"s:3:17:3:Infinity":2,"b:4:2:4:Infinity:undefined:undefined:undefined:undefined":1,"s:4:2:4:Infinity":3,"s:4:19:4:Infinity":4,"b:5:2:6:Infinity:undefined:undefined:undefined:undefined":2,"s:5:2:6:Infinity":5,"s:6:4:6:Infinity":6,"b:6:81:6:87:6:87:6:89":3,"s:7:2:7:Infinity":7,"b:7:74:7:80:7:80:7:82":4,"f:10:16:10:25":1,"s:11:2:17:Infinity":8,"b:12:4:17:22:17:22:17:Infinity":5,"f:14:11:14:12":2,"s:14:18:14:22":9,"f:21:16:21:Infinity":3,"b:23:13:23:Infinity":6,"b:25:2:28:Infinity:undefined:undefined:undefined:undefined":7,"s:25:2:28:Infinity":10,"s:26:20:26:Infinity":11,"s:27:4:27:Infinity":12,"b:27:11:27:22:27:22:27:Infinity":8,"b:30:2:33:Infinity:undefined:undefined:undefined:undefined":9,"s:30:2:33:Infinity":13,"s:31:20:31:Infinity":14,"s:32:4:32:Infinity":15,"b:32:11:32:22:32:22:32:Infinity":10,"s:35:2:35:Infinity":16,"s:38:35:38:Infinity":17,"s:39:35:39:Infinity":18,"s:41:2:41:Infinity":19,"s:43:2:43:Infinity":20,"s:45:27:45:Infinity":21,"f:47:16:47:33":4,"s:48:16:48:Infinity":22,"b:50:2:52:Infinity:undefined:undefined:undefined:undefined":11,"s:50:2:52:Infinity":23,"s:51:4:51:Infinity":24,"b:54:2:56:Infinity:undefined:undefined:undefined:undefined":12,"s:54:2:56:Infinity":25,"s:55:4:55:Infinity":26,"b:58:2:60:Infinity:undefined:undefined:undefined:undefined":13,"s:58:2:60:Infinity":27,"s:59:4:59:Infinity":28,"b:62:2:64:Infinity:undefined:undefined:undefined:undefined":14,"s:62:2:64:Infinity":29,"s:63:4:63:Infinity":30,"b:66:2:68:Infinity:undefined:undefined:undefined:undefined":15,"s:66:2:68:Infinity":31,"s:67:4:67:Infinity":32,"b:70:2:72:Infinity:undefined:undefined:undefined:undefined":16,"s:70:2:72:Infinity":33,"s:71:4:71:Infinity":34,"s:74:2:74:Infinity":35,"f:94:16:94:26":5,"s:95:2:106:Infinity":36,"s:96:18:96:Infinity":37,"b:97:4:97:Infinity:undefined:undefined:undefined:undefined":17,"s:97:4:97:Infinity":38,"s:97:28:97:Infinity":39,"s:99:20:99:Infinity":40,"s:100:17:102:Infinity":41,"s:103:4:103:Infinity":42,"s:105:4:105:Infinity":43,"f:113:16:113:29":6,"b:114:2:114:Infinity:undefined:undefined:undefined:undefined":18,"s:114:2:114:Infinity":44,"s:114:14:114:Infinity":45,"s:115:18:115:Infinity":46,"b:116:2:116:Infinity:undefined:undefined:undefined:undefined":19,"s:116:2:116:Infinity":47,"s:116:16:116:Infinity":48,"b:117:2:117:Infinity:undefined:undefined:undefined:undefined":20,"s:117:2:117:Infinity":49,"s:117:20:117:Infinity":50,"s:118:2:118:Infinity":51}}}
}
