{"C:\\Users\\KofiFrimpongOsei\\Desktop\\group project\\Community-team2\\frontend\\src\\assets\\images\\clock-small.svg": {"path":"C:\\Users\\KofiFrimpongOsei\\Desktop\\group project\\Community-team2\\frontend\\src\\assets\\images\\clock-small.svg","statementMap":{"0":{"start":{"line":2,"column":22},"end":{"line":2,"column":453}},"1":{"start":{"line":2,"column":49},"end":{"line":2,"column":453}}},"fnMap":{"0":{"name":"(anonymous_0)","decl":{"start":{"line":2,"column":22},"end":{"line":2,"column":23}},"loc":{"start":{"line":2,"column":49},"end":{"line":2,"column":453}},"line":2}},"branchMap":{},"s":{"0":1,"1":8},"f":{"0":8},"b":{},"meta":{"lastBranch":0,"lastFunction":1,"lastStatement":2,"seen":{"s:2:22:2:453":0,"f:2:22:2:23":0,"s:2:49:2:453":1}}}
,"C:\\Users\\KofiFrimpongOsei\\Desktop\\group project\\Community-team2\\frontend\\src\\assets\\images\\comments-stat.svg": {"path":"C:\\Users\\KofiFrimpongOsei\\Desktop\\group project\\Community-team2\\frontend\\src\\assets\\images\\comments-stat.svg","statementMap":{"0":{"start":{"line":2,"column":24},"end":{"line":2,"column":1390}},"1":{"start":{"line":2,"column":51},"end":{"line":2,"column":1390}}},"fnMap":{"0":{"name":"(anonymous_0)","decl":{"start":{"line":2,"column":24},"end":{"line":2,"column":25}},"loc":{"start":{"line":2,"column":51},"end":{"line":2,"column":1390}},"line":2}},"branchMap":{},"s":{"0":1,"1":8},"f":{"0":8},"b":{},"meta":{"lastBranch":0,"lastFunction":1,"lastStatement":2,"seen":{"s:2:24:2:1390":0,"f:2:24:2:25":0,"s:2:51:2:1390":1}}}
,"C:\\Users\\KofiFrimpongOsei\\Desktop\\group project\\Community-team2\\frontend\\src\\assets\\images\\image-indicator.svg": {"path":"C:\\Users\\KofiFrimpongOsei\\Desktop\\group project\\Community-team2\\frontend\\src\\assets\\images\\image-indicator.svg","statementMap":{"0":{"start":{"line":2,"column":26},"end":{"line":2,"column":594}},"1":{"start":{"line":2,"column":53},"end":{"line":2,"column":594}}},"fnMap":{"0":{"name":"(anonymous_0)","decl":{"start":{"line":2,"column":26},"end":{"line":2,"column":27}},"loc":{"start":{"line":2,"column":53},"end":{"line":2,"column":594}},"line":2}},"branchMap":{},"s":{"0":1,"1":1},"f":{"0":1},"b":{},"meta":{"lastBranch":0,"lastFunction":1,"lastStatement":2,"seen":{"s:2:26:2:594":0,"f:2:26:2:27":0,"s:2:53:2:594":1}}}
,"C:\\Users\\KofiFrimpongOsei\\Desktop\\group project\\Community-team2\\frontend\\src\\components\\atoms\\Badge.tsx": {"path":"C:\\Users\\KofiFrimpongOsei\\Desktop\\group project\\Community-team2\\frontend\\src\\components\\atoms\\Badge.tsx","statementMap":{"0":{"start":{"line":1,"column":42},"end":{"line":6,"column":null}},"1":{"start":{"line":9,"column":14},"end":{"line":9,"column":null}},"2":{"start":{"line":10,"column":2},"end":{"line":20,"column":null}}},"fnMap":{"0":{"name":"Badge","decl":{"start":{"line":8,"column":16},"end":{"line":8,"column":22}},"loc":{"start":{"line":8,"column":58},"end":{"line":22,"column":null}},"line":8}},"branchMap":{"0":{"loc":{"start":{"line":9,"column":14},"end":{"line":9,"column":null}},"type":"binary-expr","locations":[{"start":{"line":9,"column":14},"end":{"line":9,"column":37}},{"start":{"line":9,"column":37},"end":{"line":9,"column":null}}],"line":9}},"s":{"0":1,"1":8,"2":8},"f":{"0":8},"b":{"0":[8,0]},"meta":{"lastBranch":1,"lastFunction":1,"lastStatement":3,"seen":{"s:1:42:6:Infinity":0,"f:8:16:8:22":0,"s:9:14:9:Infinity":1,"b:9:14:9:37:9:37:9:Infinity":0,"s:10:2:20:Infinity":2}}}
,"C:\\Users\\KofiFrimpongOsei\\Desktop\\group project\\Community-team2\\frontend\\src\\components\\atoms\\Button.tsx": {"path":"C:\\Users\\KofiFrimpongOsei\\Desktop\\group project\\Community-team2\\frontend\\src\\components\\atoms\\Button.tsx","statementMap":{"0":{"start":{"line":13,"column":13},"end":{"line":13,"column":null}},"1":{"start":{"line":14,"column":17},"end":{"line":18,"column":null}},"2":{"start":{"line":19,"column":14},"end":{"line":19,"column":null}},"3":{"start":{"line":22,"column":2},"end":{"line":25,"column":null}}},"fnMap":{"0":{"name":"Button","decl":{"start":{"line":21,"column":16},"end":{"line":21,"column":23}},"loc":{"start":{"line":21,"column":119},"end":{"line":27,"column":null}},"line":21}},"branchMap":{"0":{"loc":{"start":{"line":21,"column":25},"end":{"line":21,"column":46}},"type":"default-arg","locations":[{"start":{"line":21,"column":35},"end":{"line":21,"column":46}}],"line":21},"1":{"loc":{"start":{"line":21,"column":46},"end":{"line":21,"column":59}},"type":"default-arg","locations":[{"start":{"line":21,"column":53},"end":{"line":21,"column":59}}],"line":21},"2":{"loc":{"start":{"line":21,"column":78},"end":{"line":21,"column":94}},"type":"default-arg","locations":[{"start":{"line":21,"column":90},"end":{"line":21,"column":94}}],"line":21},"3":{"loc":{"start":{"line":23,"column":93},"end":{"line":23,"column":121}},"type":"binary-expr","locations":[{"start":{"line":23,"column":93},"end":{"line":23,"column":104}},{"start":{"line":23,"column":104},"end":{"line":23,"column":121}}],"line":23},"4":{"loc":{"start":{"line":24,"column":7},"end":{"line":24,"column":null}},"type":"cond-expr","locations":[{"start":{"line":24,"column":17},"end":{"line":24,"column":30}},{"start":{"line":24,"column":30},"end":{"line":24,"column":null}}],"line":24}},"s":{"0":1,"1":1,"2":1,"3":6},"f":{"0":6},"b":{"0":[6],"1":[6],"2":[6],"3":[6,5],"4":[1,5]},"meta":{"lastBranch":5,"lastFunction":1,"lastStatement":4,"seen":{"s:13:13:13:Infinity":0,"s:14:17:18:Infinity":1,"s:19:14:19:Infinity":2,"f:21:16:21:23":0,"b:21:35:21:46":0,"b:21:53:21:59":1,"b:21:90:21:94":2,"s:22:2:25:Infinity":3,"b:23:93:23:104:23:104:23:121":3,"b:24:17:24:30:24:30:24:Infinity":4}}}
,"C:\\Users\\KofiFrimpongOsei\\Desktop\\group project\\Community-team2\\frontend\\src\\components\\molecules\\PostCard.tsx": {"path":"C:\\Users\\KofiFrimpongOsei\\Desktop\\group project\\Community-team2\\frontend\\src\\components\\molecules\\PostCard.tsx","statementMap":{"0":{"start":{"line":14,"column":13},"end":{"line":89,"column":null}},"1":{"start":{"line":18,"column":2},"end":{"line":87,"column":null}}},"fnMap":{"0":{"name":"PostCard2","decl":{"start":{"line":14,"column":38},"end":{"line":14,"column":47}},"loc":{"start":{"line":17,"column":18},"end":{"line":89,"column":1}},"line":17}},"branchMap":{"0":{"loc":{"start":{"line":26,"column":7},"end":{"line":35,"column":null}},"type":"binary-expr","locations":[{"start":{"line":26,"column":7},"end":{"line":26,"column":null}},{"start":{"line":27,"column":8},"end":{"line":35,"column":null}}],"line":26},"1":{"loc":{"start":{"line":70,"column":11},"end":{"line":77,"column":null}},"type":"binary-expr","locations":[{"start":{"line":70,"column":11},"end":{"line":70,"column":null}},{"start":{"line":71,"column":12},"end":{"line":77,"column":null}}],"line":70},"2":{"loc":{"start":{"line":83,"column":48},"end":{"line":83,"column":null}},"type":"binary-expr","locations":[{"start":{"line":83,"column":48},"end":{"line":83,"column":73}},{"start":{"line":83,"column":73},"end":{"line":83,"column":null}}],"line":83}},"s":{"0":1,"1":8},"f":{"0":8},"b":{"0":[8,1],"1":[8,1],"2":[8,0]},"meta":{"lastBranch":3,"lastFunction":1,"lastStatement":2,"seen":{"s:14:13:89:Infinity":0,"f:14:38:14:47":0,"s:18:2:87:Infinity":1,"b:26:7:26:Infinity:27:8:35:Infinity":0,"b:70:11:70:Infinity:71:12:77:Infinity":1,"b:83:48:83:73:83:73:83:Infinity":2}}}
,"C:\\Users\\KofiFrimpongOsei\\Desktop\\group project\\Community-team2\\frontend\\src\\features\\auth\\authStore.ts": {"path":"C:\\Users\\KofiFrimpongOsei\\Desktop\\group project\\Community-team2\\frontend\\src\\features\\auth\\authStore.ts","statementMap":{"0":{"start":{"line":17,"column":71},"end":{"line":19,"column":null}},"1":{"start":{"line":21,"column":13},"end":{"line":50,"column":null}},"2":{"start":{"line":23,"column":19},"end":{"line":42,"column":null}},"3":{"start":{"line":27,"column":32},"end":{"line":27,"column":null}},"4":{"start":{"line":28,"column":8},"end":{"line":28,"column":null}},"5":{"start":{"line":32,"column":32},"end":{"line":32,"column":null}},"6":{"start":{"line":33,"column":8},"end":{"line":33,"column":null}},"7":{"start":{"line":36,"column":20},"end":{"line":36,"column":null}},"8":{"start":{"line":39,"column":26},"end":{"line":39,"column":null}},"9":{"start":{"line":40,"column":8},"end":{"line":40,"column":null}},"10":{"start":{"line":40,"column":34},"end":{"line":40,"column":null}},"11":{"start":{"line":45,"column":30},"end":{"line":47,"column":null}}},"fnMap":{"0":{"name":"(anonymous_0)","decl":{"start":{"line":23,"column":4},"end":{"line":23,"column":5}},"loc":{"start":{"line":23,"column":19},"end":{"line":42,"column":null}},"line":23},"1":{"name":"(anonymous_1)","decl":{"start":{"line":26,"column":13},"end":{"line":26,"column":20}},"loc":{"start":{"line":26,"column":40},"end":{"line":29,"column":null}},"line":26},"2":{"name":"(anonymous_2)","decl":{"start":{"line":31,"column":16},"end":{"line":31,"column":23}},"loc":{"start":{"line":31,"column":53},"end":{"line":34,"column":null}},"line":31},"3":{"name":"(anonymous_3)","decl":{"start":{"line":36,"column":14},"end":{"line":36,"column":20}},"loc":{"start":{"line":36,"column":20},"end":{"line":36,"column":null}},"line":36},"4":{"name":"(anonymous_4)","decl":{"start":{"line":38,"column":28},"end":{"line":38,"column":34}},"loc":{"start":{"line":38,"column":34},"end":{"line":41,"column":null}},"line":38},"5":{"name":"(anonymous_5)","decl":{"start":{"line":45,"column":18},"end":{"line":45,"column":19}},"loc":{"start":{"line":45,"column":30},"end":{"line":47,"column":null}},"line":45}},"branchMap":{"0":{"loc":{"start":{"line":40,"column":8},"end":{"line":40,"column":null}},"type":"if","locations":[{"start":{"line":40,"column":8},"end":{"line":40,"column":null}},{"start":{},"end":{}}],"line":40}},"s":{"0":1,"1":1,"2":1,"3":2,"4":1,"5":0,"6":0,"7":1,"8":1,"9":1,"10":1,"11":10},"f":{"0":1,"1":2,"2":0,"3":1,"4":1,"5":10},"b":{"0":[1,0]},"meta":{"lastBranch":1,"lastFunction":6,"lastStatement":12,"seen":{"s:17:71:19:Infinity":0,"s:21:13:50:Infinity":1,"f:23:4:23:5":0,"s:23:19:42:Infinity":2,"f:26:13:26:20":1,"s:27:32:27:Infinity":3,"s:28:8:28:Infinity":4,"f:31:16:31:23":2,"s:32:32:32:Infinity":5,"s:33:8:33:Infinity":6,"f:36:14:36:20":3,"s:36:20:36:Infinity":7,"f:38:28:38:34":4,"s:39:26:39:Infinity":8,"b:40:8:40:Infinity:undefined:undefined:undefined:undefined":0,"s:40:8:40:Infinity":9,"s:40:34:40:Infinity":10,"f:45:18:45:19":5,"s:45:30:47:Infinity":11}}}
,"C:\\Users\\KofiFrimpongOsei\\Desktop\\group project\\Community-team2\\frontend\\src\\features\\posts\\postsStore.ts": {"path":"C:\\Users\\KofiFrimpongOsei\\Desktop\\group project\\Community-team2\\frontend\\src\\features\\posts\\postsStore.ts","statementMap":{"0":{"start":{"line":21,"column":13},"end":{"line":69,"column":null}},"1":{"start":{"line":21,"column":63},"end":{"line":69,"column":2}},"2":{"start":{"line":29,"column":4},"end":{"line":29,"column":null}},"3":{"start":{"line":30,"column":4},"end":{"line":35,"column":null}},"4":{"start":{"line":31,"column":19},"end":{"line":31,"column":null}},"5":{"start":{"line":32,"column":6},"end":{"line":32,"column":null}},"6":{"start":{"line":34,"column":6},"end":{"line":34,"column":null}},"7":{"start":{"line":39,"column":4},"end":{"line":39,"column":null}},"8":{"start":{"line":40,"column":4},"end":{"line":45,"column":null}},"9":{"start":{"line":41,"column":19},"end":{"line":41,"column":null}},"10":{"start":{"line":42,"column":6},"end":{"line":42,"column":null}},"11":{"start":{"line":44,"column":6},"end":{"line":44,"column":null}},"12":{"start":{"line":49,"column":17},"end":{"line":49,"column":null}},"13":{"start":{"line":50,"column":4},"end":{"line":50,"column":null}},"14":{"start":{"line":50,"column":16},"end":{"line":50,"column":46}},"15":{"start":{"line":52,"column":4},"end":{"line":52,"column":null}},"16":{"start":{"line":56,"column":20},"end":{"line":56,"column":null}},"17":{"start":{"line":57,"column":4},"end":{"line":60,"column":null}},"18":{"start":{"line":57,"column":16},"end":{"line":60,"column":6}},"19":{"start":{"line":58,"column":33},"end":{"line":58,"column":59}},"20":{"start":{"line":64,"column":4},"end":{"line":64,"column":null}},"21":{"start":{"line":65,"column":4},"end":{"line":65,"column":null}},"22":{"start":{"line":65,"column":16},"end":{"line":65,"column":62}},"23":{"start":{"line":65,"column":47},"end":{"line":65,"column":58}},"24":{"start":{"line":68,"column":21},"end":{"line":68,"column":null}},"25":{"start":{"line":68,"column":33},"end":{"line":68,"column":69}}},"fnMap":{"0":{"name":"(anonymous_0)","decl":{"start":{"line":21,"column":48},"end":{"line":21,"column":49}},"loc":{"start":{"line":21,"column":63},"end":{"line":69,"column":2}},"line":21},"1":{"name":"(anonymous_1)","decl":{"start":{"line":28,"column":14},"end":{"line":28,"column":26}},"loc":{"start":{"line":28,"column":26},"end":{"line":36,"column":null}},"line":28},"2":{"name":"(anonymous_2)","decl":{"start":{"line":38,"column":13},"end":{"line":38,"column":20}},"loc":{"start":{"line":38,"column":27},"end":{"line":46,"column":null}},"line":38},"3":{"name":"(anonymous_3)","decl":{"start":{"line":48,"column":14},"end":{"line":48,"column":21}},"loc":{"start":{"line":48,"column":33},"end":{"line":53,"column":null}},"line":48},"4":{"name":"(anonymous_4)","decl":{"start":{"line":50,"column":8},"end":{"line":50,"column":9}},"loc":{"start":{"line":50,"column":16},"end":{"line":50,"column":46}},"line":50},"5":{"name":"(anonymous_5)","decl":{"start":{"line":55,"column":14},"end":{"line":55,"column":21}},"loc":{"start":{"line":55,"column":37},"end":{"line":61,"column":null}},"line":55},"6":{"name":"(anonymous_6)","decl":{"start":{"line":57,"column":8},"end":{"line":57,"column":9}},"loc":{"start":{"line":57,"column":16},"end":{"line":60,"column":6}},"line":57},"7":{"name":"(anonymous_7)","decl":{"start":{"line":58,"column":25},"end":{"line":58,"column":26}},"loc":{"start":{"line":58,"column":33},"end":{"line":58,"column":59}},"line":58},"8":{"name":"(anonymous_8)","decl":{"start":{"line":63,"column":14},"end":{"line":63,"column":21}},"loc":{"start":{"line":63,"column":28},"end":{"line":66,"column":null}},"line":63},"9":{"name":"(anonymous_9)","decl":{"start":{"line":65,"column":8},"end":{"line":65,"column":9}},"loc":{"start":{"line":65,"column":16},"end":{"line":65,"column":62}},"line":65},"10":{"name":"(anonymous_10)","decl":{"start":{"line":65,"column":40},"end":{"line":65,"column":41}},"loc":{"start":{"line":65,"column":47},"end":{"line":65,"column":58}},"line":65},"11":{"name":"(anonymous_11)","decl":{"start":{"line":68,"column":14},"end":{"line":68,"column":15}},"loc":{"start":{"line":68,"column":21},"end":{"line":68,"column":null}},"line":68},"12":{"name":"(anonymous_12)","decl":{"start":{"line":68,"column":25},"end":{"line":68,"column":26}},"loc":{"start":{"line":68,"column":33},"end":{"line":68,"column":69}},"line":68}},"branchMap":{"0":{"loc":{"start":{"line":58,"column":33},"end":{"line":58,"column":59}},"type":"cond-expr","locations":[{"start":{"line":58,"column":47},"end":{"line":58,"column":57}},{"start":{"line":58,"column":57},"end":{"line":58,"column":59}}],"line":58},"1":{"loc":{"start":{"line":59,"column":19},"end":{"line":59,"column":null}},"type":"cond-expr","locations":[{"start":{"line":59,"column":46},"end":{"line":59,"column":56}},{"start":{"line":59,"column":56},"end":{"line":59,"column":null}}],"line":59}},"s":{"0":1,"1":1,"2":2,"3":2,"4":2,"5":2,"6":2,"7":1,"8":1,"9":1,"10":1,"11":1,"12":1,"13":1,"14":1,"15":1,"16":1,"17":1,"18":1,"19":1,"20":1,"21":1,"22":1,"23":1,"24":1,"25":1},"f":{"0":1,"1":2,"2":1,"3":1,"4":1,"5":1,"6":1,"7":1,"8":1,"9":1,"10":1,"11":1,"12":1},"b":{"0":[1,0],"1":[0,1]},"meta":{"lastBranch":2,"lastFunction":13,"lastStatement":26,"seen":{"s:21:13:69:Infinity":0,"f:21:48:21:49":0,"s:21:63:69:2":1,"f:28:14:28:26":1,"s:29:4:29:Infinity":2,"s:30:4:35:Infinity":3,"s:31:19:31:Infinity":4,"s:32:6:32:Infinity":5,"s:34:6:34:Infinity":6,"f:38:13:38:20":2,"s:39:4:39:Infinity":7,"s:40:4:45:Infinity":8,"s:41:19:41:Infinity":9,"s:42:6:42:Infinity":10,"s:44:6:44:Infinity":11,"f:48:14:48:21":3,"s:49:17:49:Infinity":12,"s:50:4:50:Infinity":13,"f:50:8:50:9":4,"s:50:16:50:46":14,"s:52:4:52:Infinity":15,"f:55:14:55:21":5,"s:56:20:56:Infinity":16,"s:57:4:60:Infinity":17,"f:57:8:57:9":6,"s:57:16:60:6":18,"f:58:25:58:26":7,"s:58:33:58:59":19,"b:58:47:58:57:58:57:58:59":0,"b:59:46:59:56:59:56:59:Infinity":1,"f:63:14:63:21":8,"s:64:4:64:Infinity":20,"s:65:4:65:Infinity":21,"f:65:8:65:9":9,"s:65:16:65:62":22,"f:65:40:65:41":10,"s:65:47:65:58":23,"f:68:14:68:15":11,"s:68:21:68:Infinity":24,"f:68:25:68:26":12,"s:68:33:68:69":25}}}
,"C:\\Users\\KofiFrimpongOsei\\Desktop\\group project\\Community-team2\\frontend\\src\\hooks\\useDebounce.ts": {"path":"C:\\Users\\KofiFrimpongOsei\\Desktop\\group project\\Community-team2\\frontend\\src\\hooks\\useDebounce.ts","statementMap":{"0":{"start":{"line":4,"column":32},"end":{"line":4,"column":null}},"1":{"start":{"line":5,"column":2},"end":{"line":8,"column":null}},"2":{"start":{"line":6,"column":14},"end":{"line":6,"column":null}},"3":{"start":{"line":6,"column":31},"end":{"line":6,"column":52}},"4":{"start":{"line":7,"column":4},"end":{"line":7,"column":null}},"5":{"start":{"line":7,"column":17},"end":{"line":7,"column":null}},"6":{"start":{"line":9,"column":2},"end":{"line":9,"column":null}}},"fnMap":{"0":{"name":"useDebounce","decl":{"start":{"line":3,"column":16},"end":{"line":3,"column":31}},"loc":{"start":{"line":3,"column":57},"end":{"line":10,"column":null}},"line":3},"1":{"name":"(anonymous_1)","decl":{"start":{"line":5,"column":12},"end":{"line":5,"column":18}},"loc":{"start":{"line":5,"column":18},"end":{"line":8,"column":5}},"line":5},"2":{"name":"(anonymous_2)","decl":{"start":{"line":6,"column":25},"end":{"line":6,"column":31}},"loc":{"start":{"line":6,"column":31},"end":{"line":6,"column":52}},"line":6},"3":{"name":"(anonymous_3)","decl":{"start":{"line":7,"column":11},"end":{"line":7,"column":17}},"loc":{"start":{"line":7,"column":17},"end":{"line":7,"column":null}},"line":7}},"branchMap":{"0":{"loc":{"start":{"line":3,"column":41},"end":{"line":3,"column":57}},"type":"default-arg","locations":[{"start":{"line":3,"column":49},"end":{"line":3,"column":57}}],"line":3}},"s":{"0":9,"1":9,"2":7,"3":2,"4":7,"5":7,"6":9},"f":{"0":9,"1":7,"2":2,"3":7},"b":{"0":[9]},"meta":{"lastBranch":1,"lastFunction":4,"lastStatement":7,"seen":{"f:3:16:3:31":0,"b:3:49:3:57":0,"s:4:32:4:Infinity":0,"s:5:2:8:Infinity":1,"f:5:12:5:18":1,"s:6:14:6:Infinity":2,"f:6:25:6:31":2,"s:6:31:6:52":3,"s:7:4:7:Infinity":4,"f:7:11:7:17":3,"s:7:17:7:Infinity":5,"s:9:2:9:Infinity":6}}}
,"C:\\Users\\KofiFrimpongOsei\\Desktop\\group project\\Community-team2\\frontend\\src\\utils\\TEST_IDS.ts": {"path":"C:\\Users\\KofiFrimpongOsei\\Desktop\\group project\\Community-team2\\frontend\\src\\utils\\TEST_IDS.ts","statementMap":{"0":{"start":{"line":11,"column":24},"end":{"line":202,"column":null}},"1":{"start":{"line":87,"column":6},"end":{"line":87,"column":null}},"2":{"start":{"line":92,"column":26},"end":{"line":92,"column":null}},"3":{"start":{"line":101,"column":6},"end":{"line":101,"column":null}},"4":{"start":{"line":115,"column":6},"end":{"line":115,"column":null}},"5":{"start":{"line":148,"column":26},"end":{"line":148,"column":null}},"6":{"start":{"line":176,"column":6},"end":{"line":176,"column":null}},"7":{"start":{"line":178,"column":6},"end":{"line":178,"column":null}},"8":{"start":{"line":192,"column":40},"end":{"line":192,"column":null}},"9":{"start":{"line":207,"column":2},"end":{"line":207,"column":null}}},"fnMap":{"0":{"name":"(anonymous_0)","decl":{"start":{"line":86,"column":25},"end":{"line":86,"column":26}},"loc":{"start":{"line":87,"column":6},"end":{"line":87,"column":null}},"line":87},"1":{"name":"(anonymous_1)","decl":{"start":{"line":92,"column":10},"end":{"line":92,"column":11}},"loc":{"start":{"line":92,"column":26},"end":{"line":92,"column":null}},"line":92},"2":{"name":"(anonymous_2)","decl":{"start":{"line":100,"column":11},"end":{"line":100,"column":12}},"loc":{"start":{"line":101,"column":6},"end":{"line":101,"column":null}},"line":101},"3":{"name":"(anonymous_3)","decl":{"start":{"line":114,"column":16},"end":{"line":114,"column":17}},"loc":{"start":{"line":115,"column":6},"end":{"line":115,"column":null}},"line":115},"4":{"name":"(anonymous_4)","decl":{"start":{"line":148,"column":10},"end":{"line":148,"column":11}},"loc":{"start":{"line":148,"column":26},"end":{"line":148,"column":null}},"line":148},"5":{"name":"(anonymous_5)","decl":{"start":{"line":175,"column":19},"end":{"line":175,"column":20}},"loc":{"start":{"line":176,"column":6},"end":{"line":176,"column":null}},"line":176},"6":{"name":"(anonymous_6)","decl":{"start":{"line":177,"column":20},"end":{"line":177,"column":21}},"loc":{"start":{"line":178,"column":6},"end":{"line":178,"column":null}},"line":178},"7":{"name":"(anonymous_7)","decl":{"start":{"line":192,"column":22},"end":{"line":192,"column":23}},"loc":{"start":{"line":192,"column":40},"end":{"line":192,"column":null}},"line":192},"8":{"name":"sel","decl":{"start":{"line":206,"column":16},"end":{"line":206,"column":20}},"loc":{"start":{"line":206,"column":44},"end":{"line":208,"column":null}},"line":206}},"branchMap":{},"s":{"0":2,"1":1,"2":3,"3":1,"4":0,"5":1,"6":0,"7":0,"8":0,"9":1},"f":{"0":1,"1":3,"2":1,"3":0,"4":1,"5":0,"6":0,"7":0,"8":1},"b":{},"meta":{"lastBranch":0,"lastFunction":9,"lastStatement":10,"seen":{"s:11:24:202:Infinity":0,"f:86:25:86:26":0,"s:87:6:87:Infinity":1,"f:92:10:92:11":1,"s:92:26:92:Infinity":2,"f:100:11:100:12":2,"s:101:6:101:Infinity":3,"f:114:16:114:17":3,"s:115:6:115:Infinity":4,"f:148:10:148:11":4,"s:148:26:148:Infinity":5,"f:175:19:175:20":5,"s:176:6:176:Infinity":6,"f:177:20:177:21":6,"s:178:6:178:Infinity":7,"f:192:22:192:23":7,"s:192:40:192:Infinity":8,"f:206:16:206:20":8,"s:207:2:207:Infinity":9}}}
,"C:\\Users\\KofiFrimpongOsei\\Desktop\\group project\\Community-team2\\frontend\\src\\utils\\index.ts": {"path":"C:\\Users\\KofiFrimpongOsei\\Desktop\\group project\\Community-team2\\frontend\\src\\utils\\index.ts","statementMap":{"0":{"start":{"line":2,"column":8},"end":{"line":2,"column":null}},"1":{"start":{"line":3,"column":2},"end":{"line":3,"column":null}},"2":{"start":{"line":3,"column":17},"end":{"line":3,"column":null}},"3":{"start":{"line":4,"column":2},"end":{"line":4,"column":null}},"4":{"start":{"line":4,"column":19},"end":{"line":4,"column":null}},"5":{"start":{"line":5,"column":2},"end":{"line":5,"column":null}},"6":{"start":{"line":5,"column":20},"end":{"line":5,"column":null}},"7":{"start":{"line":6,"column":2},"end":{"line":6,"column":null}},"8":{"start":{"line":10,"column":2},"end":{"line":10,"column":null}},"9":{"start":{"line":10,"column":35},"end":{"line":10,"column":39}},"10":{"start":{"line":31,"column":2},"end":{"line":40,"column":null}},"11":{"start":{"line":32,"column":18},"end":{"line":32,"column":null}},"12":{"start":{"line":33,"column":4},"end":{"line":33,"column":null}},"13":{"start":{"line":33,"column":28},"end":{"line":33,"column":null}},"14":{"start":{"line":35,"column":20},"end":{"line":35,"column":null}},"15":{"start":{"line":36,"column":17},"end":{"line":36,"column":null}},"16":{"start":{"line":37,"column":4},"end":{"line":37,"column":null}},"17":{"start":{"line":39,"column":4},"end":{"line":39,"column":null}},"18":{"start":{"line":48,"column":2},"end":{"line":48,"column":null}},"19":{"start":{"line":48,"column":14},"end":{"line":48,"column":null}},"20":{"start":{"line":49,"column":18},"end":{"line":49,"column":null}},"21":{"start":{"line":50,"column":2},"end":{"line":50,"column":null}},"22":{"start":{"line":50,"column":16},"end":{"line":50,"column":null}},"23":{"start":{"line":51,"column":2},"end":{"line":51,"column":null}},"24":{"start":{"line":51,"column":20},"end":{"line":51,"column":null}},"25":{"start":{"line":52,"column":2},"end":{"line":52,"column":null}}},"fnMap":{"0":{"name":"timeAgo","decl":{"start":{"line":1,"column":16},"end":{"line":1,"column":24}},"loc":{"start":{"line":1,"column":49},"end":{"line":7,"column":null}},"line":1},"1":{"name":"initials","decl":{"start":{"line":9,"column":16},"end":{"line":9,"column":25}},"loc":{"start":{"line":9,"column":47},"end":{"line":11,"column":null}},"line":9},"2":{"name":"(anonymous_2)","decl":{"start":{"line":10,"column":30},"end":{"line":10,"column":35}},"loc":{"start":{"line":10,"column":35},"end":{"line":10,"column":39}},"line":10},"3":{"name":"decodeJwt","decl":{"start":{"line":30,"column":16},"end":{"line":30,"column":26}},"loc":{"start":{"line":30,"column":60},"end":{"line":41,"column":null}},"line":30},"4":{"name":"isTokenValid","decl":{"start":{"line":47,"column":16},"end":{"line":47,"column":29}},"loc":{"start":{"line":47,"column":60},"end":{"line":53,"column":null}},"line":47}},"branchMap":{"0":{"loc":{"start":{"line":3,"column":2},"end":{"line":3,"column":null}},"type":"if","locations":[{"start":{"line":3,"column":2},"end":{"line":3,"column":null}},{"start":{},"end":{}}],"line":3},"1":{"loc":{"start":{"line":4,"column":2},"end":{"line":4,"column":null}},"type":"if","locations":[{"start":{"line":4,"column":2},"end":{"line":4,"column":null}},{"start":{},"end":{}}],"line":4},"2":{"loc":{"start":{"line":5,"column":2},"end":{"line":5,"column":null}},"type":"if","locations":[{"start":{"line":5,"column":2},"end":{"line":5,"column":null}},{"start":{},"end":{}}],"line":5},"3":{"loc":{"start":{"line":5,"column":67},"end":{"line":5,"column":105}},"type":"cond-expr","locations":[{"start":{"line":5,"column":97},"end":{"line":5,"column":103}},{"start":{"line":5,"column":103},"end":{"line":5,"column":105}}],"line":5},"4":{"loc":{"start":{"line":6,"column":43},"end":{"line":6,"column":82}},"type":"cond-expr","locations":[{"start":{"line":6,"column":74},"end":{"line":6,"column":80}},{"start":{"line":6,"column":80},"end":{"line":6,"column":82}}],"line":6},"5":{"loc":{"start":{"line":10,"column":9},"end":{"line":10,"column":null}},"type":"binary-expr","locations":[{"start":{"line":10,"column":9},"end":{"line":10,"column":79}},{"start":{"line":10,"column":79},"end":{"line":10,"column":null}}],"line":10},"6":{"loc":{"start":{"line":33,"column":4},"end":{"line":33,"column":null}},"type":"if","locations":[{"start":{"line":33,"column":4},"end":{"line":33,"column":null}},{"start":{},"end":{}}],"line":33},"7":{"loc":{"start":{"line":48,"column":2},"end":{"line":48,"column":null}},"type":"if","locations":[{"start":{"line":48,"column":2},"end":{"line":48,"column":null}},{"start":{},"end":{}}],"line":48},"8":{"loc":{"start":{"line":50,"column":2},"end":{"line":50,"column":null}},"type":"if","locations":[{"start":{"line":50,"column":2},"end":{"line":50,"column":null}},{"start":{},"end":{}}],"line":50},"9":{"loc":{"start":{"line":51,"column":2},"end":{"line":51,"column":null}},"type":"if","locations":[{"start":{"line":51,"column":2},"end":{"line":51,"column":null}},{"start":{},"end":{}}],"line":51}},"s":{"0":12,"1":12,"2":1,"3":11,"4":11,"5":2,"6":2,"7":1,"8":4,"9":4,"10":7,"11":7,"12":7,"13":3,"14":4,"15":4,"16":4,"17":0,"18":5,"19":1,"20":4,"21":4,"22":1,"23":3,"24":0,"25":3},"f":{"0":12,"1":4,"2":4,"3":7,"4":5},"b":{"0":[1,11],"1":[9,2],"2":[1,1],"3":[1,0],"4":[1,0],"5":[4,2],"6":[3,4],"7":[1,4],"8":[1,3],"9":[0,3]},"meta":{"lastBranch":10,"lastFunction":5,"lastStatement":26,"seen":{"f:1:16:1:24":0,"s:2:8:2:Infinity":0,"b:3:2:3:Infinity:undefined:undefined:undefined:undefined":0,"s:3:2:3:Infinity":1,"s:3:17:3:Infinity":2,"b:4:2:4:Infinity:undefined:undefined:undefined:undefined":1,"s:4:2:4:Infinity":3,"s:4:19:4:Infinity":4,"b:5:2:5:Infinity:undefined:undefined:undefined:undefined":2,"s:5:2:5:Infinity":5,"s:5:20:5:Infinity":6,"b:5:97:5:103:5:103:5:105":3,"s:6:2:6:Infinity":7,"b:6:74:6:80:6:80:6:82":4,"f:9:16:9:25":1,"s:10:2:10:Infinity":8,"b:10:9:10:79:10:79:10:Infinity":5,"f:10:30:10:35":2,"s:10:35:10:39":9,"f:30:16:30:26":3,"s:31:2:40:Infinity":10,"s:32:18:32:Infinity":11,"b:33:4:33:Infinity:undefined:undefined:undefined:undefined":6,"s:33:4:33:Infinity":12,"s:33:28:33:Infinity":13,"s:35:20:35:Infinity":14,"s:36:17:36:Infinity":15,"s:37:4:37:Infinity":16,"s:39:4:39:Infinity":17,"f:47:16:47:29":4,"b:48:2:48:Infinity:undefined:undefined:undefined:undefined":7,"s:48:2:48:Infinity":18,"s:48:14:48:Infinity":19,"s:49:18:49:Infinity":20,"b:50:2:50:Infinity:undefined:undefined:undefined:undefined":8,"s:50:2:50:Infinity":21,"s:50:16:50:Infinity":22,"b:51:2:51:Infinity:undefined:undefined:undefined:undefined":9,"s:51:2:51:Infinity":23,"s:51:20:51:Infinity":24,"s:52:2:52:Infinity":25}}}
}
